<?xml version="1.0" encoding="UTF-8"?>
<testng-results ignored="0" total="43" passed="38" failed="2" skipped="3">
  <reporter-output>
  </reporter-output>
  <suite started-at="2024-10-25T10:00:05 IST" name="Suite" finished-at="2024-10-25T10:14:03 IST" duration-ms="837414">
    <groups>
    </groups>
    <test started-at="2024-10-25T10:00:05 IST" name="Test_All" finished-at="2024-10-25T10:14:03 IST" duration-ms="837414">
      <class name="com.ixfi.testcases.SignUpPageTest">
        <test-method is-config="true" signature="loadConfiguration()[pri:0, instance:com.ixfi.testcases.SignUpPageTest@69453e37]" started-at="2024-10-25T10:00:04 IST" name="loadConfiguration" finished-at="2024-10-25T10:00:05 IST" duration-ms="1287" status="PASS">
          <reporter-output>
          </reporter-output>
        </test-method> <!-- loadConfiguration -->
        <test-method is-config="true" signature="setup()[pri:0, instance:com.ixfi.testcases.SignUpPageTest@69453e37]" started-at="2024-10-25T10:00:05 IST" name="setup" finished-at="2024-10-25T10:00:19 IST" duration-ms="13598" status="PASS">
          <reporter-output>
          </reporter-output>
        </test-method> <!-- setup -->
        <test-method is-config="true" signature="setUpTest()[pri:0, instance:com.ixfi.testcases.SignUpPageTest@69453e37]" started-at="2024-10-25T10:00:19 IST" name="setUpTest" finished-at="2024-10-25T10:00:19 IST" duration-ms="53" status="PASS">
          <reporter-output>
          </reporter-output>
        </test-method> <!-- setUpTest -->
        <test-method signature="verifyCreateAccountButtonRemainsDisabledUntilTermsAndConditionsAcceptanceTest()[pri:0, instance:com.ixfi.testcases.SignUpPageTest@69453e37]" started-at="2024-10-25T10:00:19 IST" name="verifyCreateAccountButtonRemainsDisabledUntilTermsAndConditionsAcceptanceTest" finished-at="2024-10-25T10:00:24 IST" duration-ms="4952" status="PASS">
          <reporter-output>
          </reporter-output>
        </test-method> <!-- verifyCreateAccountButtonRemainsDisabledUntilTermsAndConditionsAcceptanceTest -->
        <test-method is-config="true" signature="tearDown()[pri:0, instance:com.ixfi.testcases.SignUpPageTest@69453e37]" started-at="2024-10-25T10:00:24 IST" name="tearDown" finished-at="2024-10-25T10:00:25 IST" duration-ms="910" status="PASS">
          <reporter-output>
          </reporter-output>
        </test-method> <!-- tearDown -->
        <test-method is-config="true" signature="setup()[pri:0, instance:com.ixfi.testcases.SignUpPageTest@69453e37]" started-at="2024-10-25T10:00:25 IST" name="setup" finished-at="2024-10-25T10:00:36 IST" duration-ms="11449" status="PASS">
          <reporter-output>
          </reporter-output>
        </test-method> <!-- setup -->
        <test-method is-config="true" signature="setUpTest()[pri:0, instance:com.ixfi.testcases.SignUpPageTest@69453e37]" started-at="2024-10-25T10:00:36 IST" name="setUpTest" finished-at="2024-10-25T10:00:36 IST" duration-ms="2" status="PASS">
          <reporter-output>
          </reporter-output>
        </test-method> <!-- setUpTest -->
        <test-method signature="verifyCreateAccountByEmailFunctionalityTest()[pri:0, instance:com.ixfi.testcases.SignUpPageTest@69453e37]" started-at="2024-10-25T10:00:36 IST" name="verifyCreateAccountByEmailFunctionalityTest" finished-at="2024-10-25T10:00:47 IST" duration-ms="10879" status="PASS">
          <reporter-output>
          </reporter-output>
        </test-method> <!-- verifyCreateAccountByEmailFunctionalityTest -->
        <test-method is-config="true" signature="tearDown()[pri:0, instance:com.ixfi.testcases.SignUpPageTest@69453e37]" started-at="2024-10-25T10:00:47 IST" name="tearDown" finished-at="2024-10-25T10:00:48 IST" duration-ms="1059" status="PASS">
          <reporter-output>
          </reporter-output>
        </test-method> <!-- tearDown -->
        <test-method is-config="true" signature="setup()[pri:0, instance:com.ixfi.testcases.SignUpPageTest@69453e37]" started-at="2024-10-25T10:00:48 IST" name="setup" finished-at="2024-10-25T10:00:50 IST" duration-ms="2053" status="FAIL">
          <exception class="org.openqa.selenium.NoSuchElementException">
            <message>
              <![CDATA[no such element: Unable to locate element: {"method":"xpath","selector":"//button[text()=' Okay, thanks ']"}
  (Session info: chrome=130.0.6723.69)
For documentation on this error, please visit: https://www.selenium.dev/documentation/webdriver/troubleshooting/errors#no-such-element-exception
Build info: version: '4.25.0', revision: '8a8aea2337'
System info: os.name: 'Windows 11', os.arch: 'amd64', os.version: '10.0', java.version: '17.0.6'
Driver info: org.openqa.selenium.chrome.ChromeDriver
Command: [a0917800dccd16a8cc817dcd18965d1c, findElement {using=xpath, value=//button[text()=' Okay, thanks ']}]
Capabilities {acceptInsecureCerts: false, browserName: chrome, browserVersion: 130.0.6723.69, chrome: {chromedriverVersion: 130.0.6723.69 (3ec172b971b9..., userDataDir: C:\Users\RAMCHA~1\AppData\L...}, fedcm:accounts: true, goog:chromeOptions: {debuggerAddress: localhost:64669}, networkConnectionEnabled: false, pageLoadStrategy: normal, platformName: windows, proxy: Proxy(), se:cdp: ws://localhost:64669/devtoo..., se:cdpVersion: 130.0.6723.69, setWindowRect: true, strictFileInteractability: false, timeouts: {implicit: 0, pageLoad: 300000, script: 30000}, unhandledPromptBehavior: dismiss and notify, webauthn:extension:credBlob: true, webauthn:extension:largeBlob: true, webauthn:extension:minPinLength: true, webauthn:extension:prf: true, webauthn:virtualAuthenticators: true}
Session ID: a0917800dccd16a8cc817dcd18965d1c]]>
            </message>
            <full-stacktrace>
              <![CDATA[org.openqa.selenium.NoSuchElementException: no such element: Unable to locate element: {"method":"xpath","selector":"//button[text()=' Okay, thanks ']"}
  (Session info: chrome=130.0.6723.69)
For documentation on this error, please visit: https://www.selenium.dev/documentation/webdriver/troubleshooting/errors#no-such-element-exception
Build info: version: '4.25.0', revision: '8a8aea2337'
System info: os.name: 'Windows 11', os.arch: 'amd64', os.version: '10.0', java.version: '17.0.6'
Driver info: org.openqa.selenium.chrome.ChromeDriver
Command: [a0917800dccd16a8cc817dcd18965d1c, findElement {using=xpath, value=//button[text()=' Okay, thanks ']}]
Capabilities {acceptInsecureCerts: false, browserName: chrome, browserVersion: 130.0.6723.69, chrome: {chromedriverVersion: 130.0.6723.69 (3ec172b971b9..., userDataDir: C:\Users\RAMCHA~1\AppData\L...}, fedcm:accounts: true, goog:chromeOptions: {debuggerAddress: localhost:64669}, networkConnectionEnabled: false, pageLoadStrategy: normal, platformName: windows, proxy: Proxy(), se:cdp: ws://localhost:64669/devtoo..., se:cdpVersion: 130.0.6723.69, setWindowRect: true, strictFileInteractability: false, timeouts: {implicit: 0, pageLoad: 300000, script: 30000}, unhandledPromptBehavior: dismiss and notify, webauthn:extension:credBlob: true, webauthn:extension:largeBlob: true, webauthn:extension:minPinLength: true, webauthn:extension:prf: true, webauthn:virtualAuthenticators: true}
Session ID: a0917800dccd16a8cc817dcd18965d1c
at java.base/jdk.internal.reflect.NativeConstructorAccessorImpl.newInstance0(Native Method)
at java.base/jdk.internal.reflect.NativeConstructorAccessorImpl.newInstance(NativeConstructorAccessorImpl.java:77)
at java.base/jdk.internal.reflect.DelegatingConstructorAccessorImpl.newInstance(DelegatingConstructorAccessorImpl.java:45)
at java.base/java.lang.reflect.Constructor.newInstanceWithCaller(Constructor.java:499)
at java.base/java.lang.reflect.Constructor.newInstance(Constructor.java:480)
at org.openqa.selenium.remote.ErrorCodec.decode(ErrorCodec.java:167)
at org.openqa.selenium.remote.codec.w3c.W3CHttpResponseCodec.decode(W3CHttpResponseCodec.java:138)
at org.openqa.selenium.remote.codec.w3c.W3CHttpResponseCodec.decode(W3CHttpResponseCodec.java:50)
at org.openqa.selenium.remote.HttpCommandExecutor.execute(HttpCommandExecutor.java:190)
at org.openqa.selenium.remote.service.DriverCommandExecutor.invokeExecute(DriverCommandExecutor.java:216)
at org.openqa.selenium.remote.service.DriverCommandExecutor.execute(DriverCommandExecutor.java:174)
at org.openqa.selenium.remote.RemoteWebDriver.execute(RemoteWebDriver.java:545)
at org.openqa.selenium.remote.ElementLocation$ElementFinder$2.findElement(ElementLocation.java:165)
at org.openqa.selenium.remote.ElementLocation.findElement(ElementLocation.java:59)
at org.openqa.selenium.remote.RemoteWebDriver.findElement(RemoteWebDriver.java:368)
at org.openqa.selenium.remote.RemoteWebDriver.findElement(RemoteWebDriver.java:362)
at com.ixfi.actiondriver.Action.acceptCookies(Action.java:586)
at com.ixfi.basepage.BaseClass.launchApp(BaseClass.java:130)
at com.ixfi.basepage.BaseClass.setup(BaseClass.java:87)
at java.base/jdk.internal.reflect.NativeMethodAccessorImpl.invoke0(Native Method)
at java.base/jdk.internal.reflect.NativeMethodAccessorImpl.invoke(NativeMethodAccessorImpl.java:77)
at java.base/jdk.internal.reflect.DelegatingMethodAccessorImpl.invoke(DelegatingMethodAccessorImpl.java:43)
at java.base/java.lang.reflect.Method.invoke(Method.java:568)
at org.testng.internal.invokers.MethodInvocationHelper.invokeMethod(MethodInvocationHelper.java:141)
at org.testng.internal.invokers.MethodInvocationHelper.invokeMethodConsideringTimeout(MethodInvocationHelper.java:71)
at org.testng.internal.invokers.ConfigInvoker.invokeConfigurationMethod(ConfigInvoker.java:400)
at org.testng.internal.invokers.ConfigInvoker.invokeConfigurations(ConfigInvoker.java:333)
at org.testng.internal.invokers.TestInvoker.runConfigMethods(TestInvoker.java:833)
at org.testng.internal.invokers.TestInvoker.invokeMethod(TestInvoker.java:600)
at org.testng.internal.invokers.TestInvoker.invokeTestMethod(TestInvoker.java:230)
at org.testng.internal.invokers.MethodRunner.runInSequence(MethodRunner.java:63)
at org.testng.internal.invokers.TestInvoker$MethodInvocationAgent.invoke(TestInvoker.java:992)
at org.testng.internal.invokers.TestInvoker.invokeTestMethods(TestInvoker.java:203)
at org.testng.internal.invokers.TestMethodWorker.invokeTestMethods(TestMethodWorker.java:154)
at org.testng.internal.invokers.TestMethodWorker.run(TestMethodWorker.java:134)
at java.base/java.util.ArrayList.forEach(ArrayList.java:1511)
at org.testng.TestRunner.privateRun(TestRunner.java:739)
at org.testng.TestRunner.run(TestRunner.java:614)
at org.testng.SuiteRunner.runTest(SuiteRunner.java:421)
at org.testng.SuiteRunner.runSequentially(SuiteRunner.java:413)
at org.testng.SuiteRunner.privateRun(SuiteRunner.java:373)
at org.testng.SuiteRunner.run(SuiteRunner.java:312)
at org.testng.SuiteRunnerWorker.runSuite(SuiteRunnerWorker.java:52)
at org.testng.SuiteRunnerWorker.run(SuiteRunnerWorker.java:95)
at org.testng.TestNG.runSuitesSequentially(TestNG.java:1274)
at org.testng.TestNG.runSuitesLocally(TestNG.java:1208)
at org.testng.TestNG.runSuites(TestNG.java:1112)
at org.testng.TestNG.run(TestNG.java:1079)
at org.testng.remote.AbstractRemoteTestNG.run(AbstractRemoteTestNG.java:115)
at org.testng.remote.RemoteTestNG.initAndRun(RemoteTestNG.java:293)
at org.testng.remote.RemoteTestNG.main(RemoteTestNG.java:91)
]]>
            </full-stacktrace>
          </exception> <!-- org.openqa.selenium.NoSuchElementException -->
          <reporter-output>
          </reporter-output>
        </test-method> <!-- setup -->
        <test-method is-config="true" signature="setUpTest()[pri:0, instance:com.ixfi.testcases.SignUpPageTest@69453e37]" started-at="2024-10-25T10:00:50 IST" name="setUpTest" finished-at="2024-10-25T10:00:50 IST" duration-ms="0" status="SKIP">
          <reporter-output>
          </reporter-output>
        </test-method> <!-- setUpTest -->
        <test-method signature="verifyCreateAccountByPhoneFunctionalityTest()[pri:0, instance:com.ixfi.testcases.SignUpPageTest@69453e37]" started-at="2024-10-25T10:00:50 IST" name="verifyCreateAccountByPhoneFunctionalityTest" finished-at="2024-10-25T10:00:50 IST" duration-ms="0" status="SKIP">
          <exception class="org.openqa.selenium.NoSuchElementException">
            <message>
              <![CDATA[no such element: Unable to locate element: {"method":"xpath","selector":"//button[text()=' Okay, thanks ']"}
  (Session info: chrome=130.0.6723.69)
For documentation on this error, please visit: https://www.selenium.dev/documentation/webdriver/troubleshooting/errors#no-such-element-exception
Build info: version: '4.25.0', revision: '8a8aea2337'
System info: os.name: 'Windows 11', os.arch: 'amd64', os.version: '10.0', java.version: '17.0.6'
Driver info: org.openqa.selenium.chrome.ChromeDriver
Command: [a0917800dccd16a8cc817dcd18965d1c, findElement {using=xpath, value=//button[text()=' Okay, thanks ']}]
Capabilities {acceptInsecureCerts: false, browserName: chrome, browserVersion: 130.0.6723.69, chrome: {chromedriverVersion: 130.0.6723.69 (3ec172b971b9..., userDataDir: C:\Users\RAMCHA~1\AppData\L...}, fedcm:accounts: true, goog:chromeOptions: {debuggerAddress: localhost:64669}, networkConnectionEnabled: false, pageLoadStrategy: normal, platformName: windows, proxy: Proxy(), se:cdp: ws://localhost:64669/devtoo..., se:cdpVersion: 130.0.6723.69, setWindowRect: true, strictFileInteractability: false, timeouts: {implicit: 0, pageLoad: 300000, script: 30000}, unhandledPromptBehavior: dismiss and notify, webauthn:extension:credBlob: true, webauthn:extension:largeBlob: true, webauthn:extension:minPinLength: true, webauthn:extension:prf: true, webauthn:virtualAuthenticators: true}
Session ID: a0917800dccd16a8cc817dcd18965d1c]]>
            </message>
            <full-stacktrace>
              <![CDATA[org.openqa.selenium.NoSuchElementException: no such element: Unable to locate element: {"method":"xpath","selector":"//button[text()=' Okay, thanks ']"}
  (Session info: chrome=130.0.6723.69)
For documentation on this error, please visit: https://www.selenium.dev/documentation/webdriver/troubleshooting/errors#no-such-element-exception
Build info: version: '4.25.0', revision: '8a8aea2337'
System info: os.name: 'Windows 11', os.arch: 'amd64', os.version: '10.0', java.version: '17.0.6'
Driver info: org.openqa.selenium.chrome.ChromeDriver
Command: [a0917800dccd16a8cc817dcd18965d1c, findElement {using=xpath, value=//button[text()=' Okay, thanks ']}]
Capabilities {acceptInsecureCerts: false, browserName: chrome, browserVersion: 130.0.6723.69, chrome: {chromedriverVersion: 130.0.6723.69 (3ec172b971b9..., userDataDir: C:\Users\RAMCHA~1\AppData\L...}, fedcm:accounts: true, goog:chromeOptions: {debuggerAddress: localhost:64669}, networkConnectionEnabled: false, pageLoadStrategy: normal, platformName: windows, proxy: Proxy(), se:cdp: ws://localhost:64669/devtoo..., se:cdpVersion: 130.0.6723.69, setWindowRect: true, strictFileInteractability: false, timeouts: {implicit: 0, pageLoad: 300000, script: 30000}, unhandledPromptBehavior: dismiss and notify, webauthn:extension:credBlob: true, webauthn:extension:largeBlob: true, webauthn:extension:minPinLength: true, webauthn:extension:prf: true, webauthn:virtualAuthenticators: true}
Session ID: a0917800dccd16a8cc817dcd18965d1c
at java.base/jdk.internal.reflect.NativeConstructorAccessorImpl.newInstance0(Native Method)
at java.base/jdk.internal.reflect.NativeConstructorAccessorImpl.newInstance(NativeConstructorAccessorImpl.java:77)
at java.base/jdk.internal.reflect.DelegatingConstructorAccessorImpl.newInstance(DelegatingConstructorAccessorImpl.java:45)
at java.base/java.lang.reflect.Constructor.newInstanceWithCaller(Constructor.java:499)
at java.base/java.lang.reflect.Constructor.newInstance(Constructor.java:480)
at org.openqa.selenium.remote.ErrorCodec.decode(ErrorCodec.java:167)
at org.openqa.selenium.remote.codec.w3c.W3CHttpResponseCodec.decode(W3CHttpResponseCodec.java:138)
at org.openqa.selenium.remote.codec.w3c.W3CHttpResponseCodec.decode(W3CHttpResponseCodec.java:50)
at org.openqa.selenium.remote.HttpCommandExecutor.execute(HttpCommandExecutor.java:190)
at org.openqa.selenium.remote.service.DriverCommandExecutor.invokeExecute(DriverCommandExecutor.java:216)
at org.openqa.selenium.remote.service.DriverCommandExecutor.execute(DriverCommandExecutor.java:174)
at org.openqa.selenium.remote.RemoteWebDriver.execute(RemoteWebDriver.java:545)
at org.openqa.selenium.remote.ElementLocation$ElementFinder$2.findElement(ElementLocation.java:165)
at org.openqa.selenium.remote.ElementLocation.findElement(ElementLocation.java:59)
at org.openqa.selenium.remote.RemoteWebDriver.findElement(RemoteWebDriver.java:368)
at org.openqa.selenium.remote.RemoteWebDriver.findElement(RemoteWebDriver.java:362)
at com.ixfi.actiondriver.Action.acceptCookies(Action.java:586)
at com.ixfi.basepage.BaseClass.launchApp(BaseClass.java:130)
at com.ixfi.basepage.BaseClass.setup(BaseClass.java:87)
at java.base/jdk.internal.reflect.NativeMethodAccessorImpl.invoke0(Native Method)
at java.base/jdk.internal.reflect.NativeMethodAccessorImpl.invoke(NativeMethodAccessorImpl.java:77)
at java.base/jdk.internal.reflect.DelegatingMethodAccessorImpl.invoke(DelegatingMethodAccessorImpl.java:43)
at java.base/java.lang.reflect.Method.invoke(Method.java:568)
at org.testng.internal.invokers.MethodInvocationHelper.invokeMethod(MethodInvocationHelper.java:141)
at org.testng.internal.invokers.MethodInvocationHelper.invokeMethodConsideringTimeout(MethodInvocationHelper.java:71)
at org.testng.internal.invokers.ConfigInvoker.invokeConfigurationMethod(ConfigInvoker.java:400)
at org.testng.internal.invokers.ConfigInvoker.invokeConfigurations(ConfigInvoker.java:333)
at org.testng.internal.invokers.TestInvoker.runConfigMethods(TestInvoker.java:833)
at org.testng.internal.invokers.TestInvoker.invokeMethod(TestInvoker.java:600)
at org.testng.internal.invokers.TestInvoker.invokeTestMethod(TestInvoker.java:230)
at org.testng.internal.invokers.MethodRunner.runInSequence(MethodRunner.java:63)
at org.testng.internal.invokers.TestInvoker$MethodInvocationAgent.invoke(TestInvoker.java:992)
at org.testng.internal.invokers.TestInvoker.invokeTestMethods(TestInvoker.java:203)
at org.testng.internal.invokers.TestMethodWorker.invokeTestMethods(TestMethodWorker.java:154)
at org.testng.internal.invokers.TestMethodWorker.run(TestMethodWorker.java:134)
at java.base/java.util.ArrayList.forEach(ArrayList.java:1511)
at org.testng.TestRunner.privateRun(TestRunner.java:739)
at org.testng.TestRunner.run(TestRunner.java:614)
at org.testng.SuiteRunner.runTest(SuiteRunner.java:421)
at org.testng.SuiteRunner.runSequentially(SuiteRunner.java:413)
at org.testng.SuiteRunner.privateRun(SuiteRunner.java:373)
at org.testng.SuiteRunner.run(SuiteRunner.java:312)
at org.testng.SuiteRunnerWorker.runSuite(SuiteRunnerWorker.java:52)
at org.testng.SuiteRunnerWorker.run(SuiteRunnerWorker.java:95)
at org.testng.TestNG.runSuitesSequentially(TestNG.java:1274)
at org.testng.TestNG.runSuitesLocally(TestNG.java:1208)
at org.testng.TestNG.runSuites(TestNG.java:1112)
at org.testng.TestNG.run(TestNG.java:1079)
at org.testng.remote.AbstractRemoteTestNG.run(AbstractRemoteTestNG.java:115)
at org.testng.remote.RemoteTestNG.initAndRun(RemoteTestNG.java:293)
at org.testng.remote.RemoteTestNG.main(RemoteTestNG.java:91)
]]>
            </full-stacktrace>
          </exception> <!-- org.openqa.selenium.NoSuchElementException -->
          <reporter-output>
          </reporter-output>
        </test-method> <!-- verifyCreateAccountByPhoneFunctionalityTest -->
        <test-method is-config="true" signature="tearDown()[pri:0, instance:com.ixfi.testcases.SignUpPageTest@69453e37]" started-at="2024-10-25T10:00:50 IST" name="tearDown" finished-at="2024-10-25T10:00:50 IST" duration-ms="0" status="SKIP">
          <reporter-output>
          </reporter-output>
        </test-method> <!-- tearDown -->
        <test-method is-config="true" signature="setup()[pri:0, instance:com.ixfi.testcases.SignUpPageTest@69453e37]" started-at="2024-10-25T10:00:50 IST" name="setup" finished-at="2024-10-25T10:00:50 IST" duration-ms="0" status="SKIP">
          <reporter-output>
          </reporter-output>
        </test-method> <!-- setup -->
        <test-method is-config="true" signature="setUpTest()[pri:0, instance:com.ixfi.testcases.SignUpPageTest@69453e37]" started-at="2024-10-25T10:00:50 IST" name="setUpTest" finished-at="2024-10-25T10:00:50 IST" duration-ms="0" status="SKIP">
          <reporter-output>
          </reporter-output>
        </test-method> <!-- setUpTest -->
        <test-method signature="verifyThatUserIsNavigatedToLoginPageAfterClickinOnLoginLinkPresentOnSignUpPageTest()[pri:0, instance:com.ixfi.testcases.SignUpPageTest@69453e37]" started-at="2024-10-25T10:00:50 IST" name="verifyThatUserIsNavigatedToLoginPageAfterClickinOnLoginLinkPresentOnSignUpPageTest" finished-at="2024-10-25T10:00:50 IST" duration-ms="0" status="SKIP">
          <exception class="org.openqa.selenium.NoSuchElementException">
            <message>
              <![CDATA[no such element: Unable to locate element: {"method":"xpath","selector":"//button[text()=' Okay, thanks ']"}
  (Session info: chrome=130.0.6723.69)
For documentation on this error, please visit: https://www.selenium.dev/documentation/webdriver/troubleshooting/errors#no-such-element-exception
Build info: version: '4.25.0', revision: '8a8aea2337'
System info: os.name: 'Windows 11', os.arch: 'amd64', os.version: '10.0', java.version: '17.0.6'
Driver info: org.openqa.selenium.chrome.ChromeDriver
Command: [a0917800dccd16a8cc817dcd18965d1c, findElement {using=xpath, value=//button[text()=' Okay, thanks ']}]
Capabilities {acceptInsecureCerts: false, browserName: chrome, browserVersion: 130.0.6723.69, chrome: {chromedriverVersion: 130.0.6723.69 (3ec172b971b9..., userDataDir: C:\Users\RAMCHA~1\AppData\L...}, fedcm:accounts: true, goog:chromeOptions: {debuggerAddress: localhost:64669}, networkConnectionEnabled: false, pageLoadStrategy: normal, platformName: windows, proxy: Proxy(), se:cdp: ws://localhost:64669/devtoo..., se:cdpVersion: 130.0.6723.69, setWindowRect: true, strictFileInteractability: false, timeouts: {implicit: 0, pageLoad: 300000, script: 30000}, unhandledPromptBehavior: dismiss and notify, webauthn:extension:credBlob: true, webauthn:extension:largeBlob: true, webauthn:extension:minPinLength: true, webauthn:extension:prf: true, webauthn:virtualAuthenticators: true}
Session ID: a0917800dccd16a8cc817dcd18965d1c]]>
            </message>
            <full-stacktrace>
              <![CDATA[org.openqa.selenium.NoSuchElementException: no such element: Unable to locate element: {"method":"xpath","selector":"//button[text()=' Okay, thanks ']"}
  (Session info: chrome=130.0.6723.69)
For documentation on this error, please visit: https://www.selenium.dev/documentation/webdriver/troubleshooting/errors#no-such-element-exception
Build info: version: '4.25.0', revision: '8a8aea2337'
System info: os.name: 'Windows 11', os.arch: 'amd64', os.version: '10.0', java.version: '17.0.6'
Driver info: org.openqa.selenium.chrome.ChromeDriver
Command: [a0917800dccd16a8cc817dcd18965d1c, findElement {using=xpath, value=//button[text()=' Okay, thanks ']}]
Capabilities {acceptInsecureCerts: false, browserName: chrome, browserVersion: 130.0.6723.69, chrome: {chromedriverVersion: 130.0.6723.69 (3ec172b971b9..., userDataDir: C:\Users\RAMCHA~1\AppData\L...}, fedcm:accounts: true, goog:chromeOptions: {debuggerAddress: localhost:64669}, networkConnectionEnabled: false, pageLoadStrategy: normal, platformName: windows, proxy: Proxy(), se:cdp: ws://localhost:64669/devtoo..., se:cdpVersion: 130.0.6723.69, setWindowRect: true, strictFileInteractability: false, timeouts: {implicit: 0, pageLoad: 300000, script: 30000}, unhandledPromptBehavior: dismiss and notify, webauthn:extension:credBlob: true, webauthn:extension:largeBlob: true, webauthn:extension:minPinLength: true, webauthn:extension:prf: true, webauthn:virtualAuthenticators: true}
Session ID: a0917800dccd16a8cc817dcd18965d1c
at java.base/jdk.internal.reflect.NativeConstructorAccessorImpl.newInstance0(Native Method)
at java.base/jdk.internal.reflect.NativeConstructorAccessorImpl.newInstance(NativeConstructorAccessorImpl.java:77)
at java.base/jdk.internal.reflect.DelegatingConstructorAccessorImpl.newInstance(DelegatingConstructorAccessorImpl.java:45)
at java.base/java.lang.reflect.Constructor.newInstanceWithCaller(Constructor.java:499)
at java.base/java.lang.reflect.Constructor.newInstance(Constructor.java:480)
at org.openqa.selenium.remote.ErrorCodec.decode(ErrorCodec.java:167)
at org.openqa.selenium.remote.codec.w3c.W3CHttpResponseCodec.decode(W3CHttpResponseCodec.java:138)
at org.openqa.selenium.remote.codec.w3c.W3CHttpResponseCodec.decode(W3CHttpResponseCodec.java:50)
at org.openqa.selenium.remote.HttpCommandExecutor.execute(HttpCommandExecutor.java:190)
at org.openqa.selenium.remote.service.DriverCommandExecutor.invokeExecute(DriverCommandExecutor.java:216)
at org.openqa.selenium.remote.service.DriverCommandExecutor.execute(DriverCommandExecutor.java:174)
at org.openqa.selenium.remote.RemoteWebDriver.execute(RemoteWebDriver.java:545)
at org.openqa.selenium.remote.ElementLocation$ElementFinder$2.findElement(ElementLocation.java:165)
at org.openqa.selenium.remote.ElementLocation.findElement(ElementLocation.java:59)
at org.openqa.selenium.remote.RemoteWebDriver.findElement(RemoteWebDriver.java:368)
at org.openqa.selenium.remote.RemoteWebDriver.findElement(RemoteWebDriver.java:362)
at com.ixfi.actiondriver.Action.acceptCookies(Action.java:586)
at com.ixfi.basepage.BaseClass.launchApp(BaseClass.java:130)
at com.ixfi.basepage.BaseClass.setup(BaseClass.java:87)
at java.base/jdk.internal.reflect.NativeMethodAccessorImpl.invoke0(Native Method)
at java.base/jdk.internal.reflect.NativeMethodAccessorImpl.invoke(NativeMethodAccessorImpl.java:77)
at java.base/jdk.internal.reflect.DelegatingMethodAccessorImpl.invoke(DelegatingMethodAccessorImpl.java:43)
at java.base/java.lang.reflect.Method.invoke(Method.java:568)
at org.testng.internal.invokers.MethodInvocationHelper.invokeMethod(MethodInvocationHelper.java:141)
at org.testng.internal.invokers.MethodInvocationHelper.invokeMethodConsideringTimeout(MethodInvocationHelper.java:71)
at org.testng.internal.invokers.ConfigInvoker.invokeConfigurationMethod(ConfigInvoker.java:400)
at org.testng.internal.invokers.ConfigInvoker.invokeConfigurations(ConfigInvoker.java:333)
at org.testng.internal.invokers.TestInvoker.runConfigMethods(TestInvoker.java:833)
at org.testng.internal.invokers.TestInvoker.invokeMethod(TestInvoker.java:600)
at org.testng.internal.invokers.TestInvoker.invokeTestMethod(TestInvoker.java:230)
at org.testng.internal.invokers.MethodRunner.runInSequence(MethodRunner.java:63)
at org.testng.internal.invokers.TestInvoker$MethodInvocationAgent.invoke(TestInvoker.java:992)
at org.testng.internal.invokers.TestInvoker.invokeTestMethods(TestInvoker.java:203)
at org.testng.internal.invokers.TestMethodWorker.invokeTestMethods(TestMethodWorker.java:154)
at org.testng.internal.invokers.TestMethodWorker.run(TestMethodWorker.java:134)
at java.base/java.util.ArrayList.forEach(ArrayList.java:1511)
at org.testng.TestRunner.privateRun(TestRunner.java:739)
at org.testng.TestRunner.run(TestRunner.java:614)
at org.testng.SuiteRunner.runTest(SuiteRunner.java:421)
at org.testng.SuiteRunner.runSequentially(SuiteRunner.java:413)
at org.testng.SuiteRunner.privateRun(SuiteRunner.java:373)
at org.testng.SuiteRunner.run(SuiteRunner.java:312)
at org.testng.SuiteRunnerWorker.runSuite(SuiteRunnerWorker.java:52)
at org.testng.SuiteRunnerWorker.run(SuiteRunnerWorker.java:95)
at org.testng.TestNG.runSuitesSequentially(TestNG.java:1274)
at org.testng.TestNG.runSuitesLocally(TestNG.java:1208)
at org.testng.TestNG.runSuites(TestNG.java:1112)
at org.testng.TestNG.run(TestNG.java:1079)
at org.testng.remote.AbstractRemoteTestNG.run(AbstractRemoteTestNG.java:115)
at org.testng.remote.RemoteTestNG.initAndRun(RemoteTestNG.java:293)
at org.testng.remote.RemoteTestNG.main(RemoteTestNG.java:91)
]]>
            </full-stacktrace>
          </exception> <!-- org.openqa.selenium.NoSuchElementException -->
          <reporter-output>
          </reporter-output>
        </test-method> <!-- verifyThatUserIsNavigatedToLoginPageAfterClickinOnLoginLinkPresentOnSignUpPageTest -->
        <test-method is-config="true" signature="tearDown()[pri:0, instance:com.ixfi.testcases.SignUpPageTest@69453e37]" started-at="2024-10-25T10:00:50 IST" name="tearDown" finished-at="2024-10-25T10:00:50 IST" duration-ms="0" status="SKIP">
          <reporter-output>
          </reporter-output>
        </test-method> <!-- tearDown -->
        <test-method is-config="true" signature="setup()[pri:0, instance:com.ixfi.testcases.SignUpPageTest@69453e37]" started-at="2024-10-25T10:00:50 IST" name="setup" finished-at="2024-10-25T10:00:50 IST" duration-ms="0" status="SKIP">
          <reporter-output>
          </reporter-output>
        </test-method> <!-- setup -->
        <test-method is-config="true" signature="setUpTest()[pri:0, instance:com.ixfi.testcases.SignUpPageTest@69453e37]" started-at="2024-10-25T10:00:50 IST" name="setUpTest" finished-at="2024-10-25T10:00:50 IST" duration-ms="0" status="SKIP">
          <reporter-output>
          </reporter-output>
        </test-method> <!-- setUpTest -->
        <test-method signature="verifyThatUserIsNavigatedToSignUpPageAfterClickingOnRegisterButton()[pri:0, instance:com.ixfi.testcases.SignUpPageTest@69453e37]" started-at="2024-10-25T10:00:50 IST" name="verifyThatUserIsNavigatedToSignUpPageAfterClickingOnRegisterButton" finished-at="2024-10-25T10:00:50 IST" duration-ms="0" status="SKIP">
          <exception class="org.openqa.selenium.NoSuchElementException">
            <message>
              <![CDATA[no such element: Unable to locate element: {"method":"xpath","selector":"//button[text()=' Okay, thanks ']"}
  (Session info: chrome=130.0.6723.69)
For documentation on this error, please visit: https://www.selenium.dev/documentation/webdriver/troubleshooting/errors#no-such-element-exception
Build info: version: '4.25.0', revision: '8a8aea2337'
System info: os.name: 'Windows 11', os.arch: 'amd64', os.version: '10.0', java.version: '17.0.6'
Driver info: org.openqa.selenium.chrome.ChromeDriver
Command: [a0917800dccd16a8cc817dcd18965d1c, findElement {using=xpath, value=//button[text()=' Okay, thanks ']}]
Capabilities {acceptInsecureCerts: false, browserName: chrome, browserVersion: 130.0.6723.69, chrome: {chromedriverVersion: 130.0.6723.69 (3ec172b971b9..., userDataDir: C:\Users\RAMCHA~1\AppData\L...}, fedcm:accounts: true, goog:chromeOptions: {debuggerAddress: localhost:64669}, networkConnectionEnabled: false, pageLoadStrategy: normal, platformName: windows, proxy: Proxy(), se:cdp: ws://localhost:64669/devtoo..., se:cdpVersion: 130.0.6723.69, setWindowRect: true, strictFileInteractability: false, timeouts: {implicit: 0, pageLoad: 300000, script: 30000}, unhandledPromptBehavior: dismiss and notify, webauthn:extension:credBlob: true, webauthn:extension:largeBlob: true, webauthn:extension:minPinLength: true, webauthn:extension:prf: true, webauthn:virtualAuthenticators: true}
Session ID: a0917800dccd16a8cc817dcd18965d1c]]>
            </message>
            <full-stacktrace>
              <![CDATA[org.openqa.selenium.NoSuchElementException: no such element: Unable to locate element: {"method":"xpath","selector":"//button[text()=' Okay, thanks ']"}
  (Session info: chrome=130.0.6723.69)
For documentation on this error, please visit: https://www.selenium.dev/documentation/webdriver/troubleshooting/errors#no-such-element-exception
Build info: version: '4.25.0', revision: '8a8aea2337'
System info: os.name: 'Windows 11', os.arch: 'amd64', os.version: '10.0', java.version: '17.0.6'
Driver info: org.openqa.selenium.chrome.ChromeDriver
Command: [a0917800dccd16a8cc817dcd18965d1c, findElement {using=xpath, value=//button[text()=' Okay, thanks ']}]
Capabilities {acceptInsecureCerts: false, browserName: chrome, browserVersion: 130.0.6723.69, chrome: {chromedriverVersion: 130.0.6723.69 (3ec172b971b9..., userDataDir: C:\Users\RAMCHA~1\AppData\L...}, fedcm:accounts: true, goog:chromeOptions: {debuggerAddress: localhost:64669}, networkConnectionEnabled: false, pageLoadStrategy: normal, platformName: windows, proxy: Proxy(), se:cdp: ws://localhost:64669/devtoo..., se:cdpVersion: 130.0.6723.69, setWindowRect: true, strictFileInteractability: false, timeouts: {implicit: 0, pageLoad: 300000, script: 30000}, unhandledPromptBehavior: dismiss and notify, webauthn:extension:credBlob: true, webauthn:extension:largeBlob: true, webauthn:extension:minPinLength: true, webauthn:extension:prf: true, webauthn:virtualAuthenticators: true}
Session ID: a0917800dccd16a8cc817dcd18965d1c
at java.base/jdk.internal.reflect.NativeConstructorAccessorImpl.newInstance0(Native Method)
at java.base/jdk.internal.reflect.NativeConstructorAccessorImpl.newInstance(NativeConstructorAccessorImpl.java:77)
at java.base/jdk.internal.reflect.DelegatingConstructorAccessorImpl.newInstance(DelegatingConstructorAccessorImpl.java:45)
at java.base/java.lang.reflect.Constructor.newInstanceWithCaller(Constructor.java:499)
at java.base/java.lang.reflect.Constructor.newInstance(Constructor.java:480)
at org.openqa.selenium.remote.ErrorCodec.decode(ErrorCodec.java:167)
at org.openqa.selenium.remote.codec.w3c.W3CHttpResponseCodec.decode(W3CHttpResponseCodec.java:138)
at org.openqa.selenium.remote.codec.w3c.W3CHttpResponseCodec.decode(W3CHttpResponseCodec.java:50)
at org.openqa.selenium.remote.HttpCommandExecutor.execute(HttpCommandExecutor.java:190)
at org.openqa.selenium.remote.service.DriverCommandExecutor.invokeExecute(DriverCommandExecutor.java:216)
at org.openqa.selenium.remote.service.DriverCommandExecutor.execute(DriverCommandExecutor.java:174)
at org.openqa.selenium.remote.RemoteWebDriver.execute(RemoteWebDriver.java:545)
at org.openqa.selenium.remote.ElementLocation$ElementFinder$2.findElement(ElementLocation.java:165)
at org.openqa.selenium.remote.ElementLocation.findElement(ElementLocation.java:59)
at org.openqa.selenium.remote.RemoteWebDriver.findElement(RemoteWebDriver.java:368)
at org.openqa.selenium.remote.RemoteWebDriver.findElement(RemoteWebDriver.java:362)
at com.ixfi.actiondriver.Action.acceptCookies(Action.java:586)
at com.ixfi.basepage.BaseClass.launchApp(BaseClass.java:130)
at com.ixfi.basepage.BaseClass.setup(BaseClass.java:87)
at java.base/jdk.internal.reflect.NativeMethodAccessorImpl.invoke0(Native Method)
at java.base/jdk.internal.reflect.NativeMethodAccessorImpl.invoke(NativeMethodAccessorImpl.java:77)
at java.base/jdk.internal.reflect.DelegatingMethodAccessorImpl.invoke(DelegatingMethodAccessorImpl.java:43)
at java.base/java.lang.reflect.Method.invoke(Method.java:568)
at org.testng.internal.invokers.MethodInvocationHelper.invokeMethod(MethodInvocationHelper.java:141)
at org.testng.internal.invokers.MethodInvocationHelper.invokeMethodConsideringTimeout(MethodInvocationHelper.java:71)
at org.testng.internal.invokers.ConfigInvoker.invokeConfigurationMethod(ConfigInvoker.java:400)
at org.testng.internal.invokers.ConfigInvoker.invokeConfigurations(ConfigInvoker.java:333)
at org.testng.internal.invokers.TestInvoker.runConfigMethods(TestInvoker.java:833)
at org.testng.internal.invokers.TestInvoker.invokeMethod(TestInvoker.java:600)
at org.testng.internal.invokers.TestInvoker.invokeTestMethod(TestInvoker.java:230)
at org.testng.internal.invokers.MethodRunner.runInSequence(MethodRunner.java:63)
at org.testng.internal.invokers.TestInvoker$MethodInvocationAgent.invoke(TestInvoker.java:992)
at org.testng.internal.invokers.TestInvoker.invokeTestMethods(TestInvoker.java:203)
at org.testng.internal.invokers.TestMethodWorker.invokeTestMethods(TestMethodWorker.java:154)
at org.testng.internal.invokers.TestMethodWorker.run(TestMethodWorker.java:134)
at java.base/java.util.ArrayList.forEach(ArrayList.java:1511)
at org.testng.TestRunner.privateRun(TestRunner.java:739)
at org.testng.TestRunner.run(TestRunner.java:614)
at org.testng.SuiteRunner.runTest(SuiteRunner.java:421)
at org.testng.SuiteRunner.runSequentially(SuiteRunner.java:413)
at org.testng.SuiteRunner.privateRun(SuiteRunner.java:373)
at org.testng.SuiteRunner.run(SuiteRunner.java:312)
at org.testng.SuiteRunnerWorker.runSuite(SuiteRunnerWorker.java:52)
at org.testng.SuiteRunnerWorker.run(SuiteRunnerWorker.java:95)
at org.testng.TestNG.runSuitesSequentially(TestNG.java:1274)
at org.testng.TestNG.runSuitesLocally(TestNG.java:1208)
at org.testng.TestNG.runSuites(TestNG.java:1112)
at org.testng.TestNG.run(TestNG.java:1079)
at org.testng.remote.AbstractRemoteTestNG.run(AbstractRemoteTestNG.java:115)
at org.testng.remote.RemoteTestNG.initAndRun(RemoteTestNG.java:293)
at org.testng.remote.RemoteTestNG.main(RemoteTestNG.java:91)
]]>
            </full-stacktrace>
          </exception> <!-- org.openqa.selenium.NoSuchElementException -->
          <reporter-output>
          </reporter-output>
        </test-method> <!-- verifyThatUserIsNavigatedToSignUpPageAfterClickingOnRegisterButton -->
        <test-method is-config="true" signature="tearDown()[pri:0, instance:com.ixfi.testcases.SignUpPageTest@69453e37]" started-at="2024-10-25T10:00:50 IST" name="tearDown" finished-at="2024-10-25T10:00:50 IST" duration-ms="0" status="SKIP">
          <reporter-output>
          </reporter-output>
        </test-method> <!-- tearDown -->
        <test-method is-config="true" signature="afterSuite()[pri:0, instance:com.ixfi.testcases.SignUpPageTest@69453e37]" started-at="2024-10-25T10:14:03 IST" name="afterSuite" finished-at="2024-10-25T10:14:03 IST" duration-ms="0" status="SKIP">
          <reporter-output>
          </reporter-output>
        </test-method> <!-- afterSuite -->
      </class> <!-- com.ixfi.testcases.SignUpPageTest -->
      <class name="com.ixfi.testcases.IndexPageTest">
        <test-method is-config="true" signature="setup()[pri:0, instance:com.ixfi.testcases.IndexPageTest@5b94b04d]" started-at="2024-10-25T10:02:41 IST" name="setup" finished-at="2024-10-25T10:02:51 IST" duration-ms="9828" status="PASS">
          <reporter-output>
          </reporter-output>
        </test-method> <!-- setup -->
        <test-method is-config="true" signature="setUpTest()[pri:0, instance:com.ixfi.testcases.IndexPageTest@5b94b04d]" started-at="2024-10-25T10:02:51 IST" name="setUpTest" finished-at="2024-10-25T10:02:51 IST" duration-ms="3" status="PASS">
          <reporter-output>
          </reporter-output>
        </test-method> <!-- setUpTest -->
        <test-method signature="validateMarketTrendGainersTableDataTest()[pri:0, instance:com.ixfi.testcases.IndexPageTest@5b94b04d]" started-at="2024-10-25T10:02:51 IST" name="validateMarketTrendGainersTableDataTest" finished-at="2024-10-25T10:02:56 IST" duration-ms="5102" status="PASS">
          <reporter-output>
          </reporter-output>
        </test-method> <!-- validateMarketTrendGainersTableDataTest -->
        <test-method is-config="true" signature="tearDown()[pri:0, instance:com.ixfi.testcases.IndexPageTest@5b94b04d]" started-at="2024-10-25T10:02:56 IST" name="tearDown" finished-at="2024-10-25T10:02:56 IST" duration-ms="346" status="PASS">
          <reporter-output>
          </reporter-output>
        </test-method> <!-- tearDown -->
        <test-method is-config="true" signature="setup()[pri:0, instance:com.ixfi.testcases.IndexPageTest@5b94b04d]" started-at="2024-10-25T10:02:56 IST" name="setup" finished-at="2024-10-25T10:03:06 IST" duration-ms="9021" status="PASS">
          <reporter-output>
          </reporter-output>
        </test-method> <!-- setup -->
        <test-method is-config="true" signature="setUpTest()[pri:0, instance:com.ixfi.testcases.IndexPageTest@5b94b04d]" started-at="2024-10-25T10:03:06 IST" name="setUpTest" finished-at="2024-10-25T10:03:06 IST" duration-ms="2" status="PASS">
          <reporter-output>
          </reporter-output>
        </test-method> <!-- setUpTest -->
        <test-method signature="validateMarketTrendLosersTableDataTest()[pri:0, instance:com.ixfi.testcases.IndexPageTest@5b94b04d]" started-at="2024-10-25T10:03:06 IST" name="validateMarketTrendLosersTableDataTest" finished-at="2024-10-25T10:03:10 IST" duration-ms="4959" status="PASS">
          <reporter-output>
          </reporter-output>
        </test-method> <!-- validateMarketTrendLosersTableDataTest -->
        <test-method is-config="true" signature="tearDown()[pri:0, instance:com.ixfi.testcases.IndexPageTest@5b94b04d]" started-at="2024-10-25T10:03:10 IST" name="tearDown" finished-at="2024-10-25T10:03:11 IST" duration-ms="302" status="PASS">
          <reporter-output>
          </reporter-output>
        </test-method> <!-- tearDown -->
        <test-method is-config="true" signature="setup()[pri:0, instance:com.ixfi.testcases.IndexPageTest@5b94b04d]" started-at="2024-10-25T10:03:11 IST" name="setup" finished-at="2024-10-25T10:03:20 IST" duration-ms="9105" status="PASS">
          <reporter-output>
          </reporter-output>
        </test-method> <!-- setup -->
        <test-method is-config="true" signature="setUpTest()[pri:0, instance:com.ixfi.testcases.IndexPageTest@5b94b04d]" started-at="2024-10-25T10:03:20 IST" name="setUpTest" finished-at="2024-10-25T10:03:20 IST" duration-ms="1" status="PASS">
          <reporter-output>
          </reporter-output>
        </test-method> <!-- setUpTest -->
        <test-method signature="validateMarketTrendTopTableDataTest()[pri:0, instance:com.ixfi.testcases.IndexPageTest@5b94b04d]" started-at="2024-10-25T10:03:20 IST" name="validateMarketTrendTopTableDataTest" finished-at="2024-10-25T10:03:25 IST" duration-ms="4644" status="PASS">
          <reporter-output>
          </reporter-output>
        </test-method> <!-- validateMarketTrendTopTableDataTest -->
        <test-method is-config="true" signature="tearDown()[pri:0, instance:com.ixfi.testcases.IndexPageTest@5b94b04d]" started-at="2024-10-25T10:03:25 IST" name="tearDown" finished-at="2024-10-25T10:03:25 IST" duration-ms="304" status="PASS">
          <reporter-output>
          </reporter-output>
        </test-method> <!-- tearDown -->
        <test-method is-config="true" signature="setup()[pri:0, instance:com.ixfi.testcases.IndexPageTest@5b94b04d]" started-at="2024-10-25T10:03:25 IST" name="setup" finished-at="2024-10-25T10:03:31 IST" duration-ms="6511" status="PASS">
          <reporter-output>
          </reporter-output>
        </test-method> <!-- setup -->
        <test-method is-config="true" signature="setUpTest()[pri:0, instance:com.ixfi.testcases.IndexPageTest@5b94b04d]" started-at="2024-10-25T10:03:31 IST" name="setUpTest" finished-at="2024-10-25T10:03:31 IST" duration-ms="2" status="PASS">
          <reporter-output>
          </reporter-output>
        </test-method> <!-- setUpTest -->
        <test-method signature="verifyDetailsButtonFromTheMarketTablesActionColumnIsClickableAndOpenItInNewTab()[pri:0, instance:com.ixfi.testcases.IndexPageTest@5b94b04d]" started-at="2024-10-25T10:03:31 IST" name="verifyDetailsButtonFromTheMarketTablesActionColumnIsClickableAndOpenItInNewTab" finished-at="2024-10-25T10:06:42 IST" duration-ms="190667" status="PASS">
          <reporter-output>
          </reporter-output>
        </test-method> <!-- verifyDetailsButtonFromTheMarketTablesActionColumnIsClickableAndOpenItInNewTab -->
        <test-method is-config="true" signature="tearDown()[pri:0, instance:com.ixfi.testcases.IndexPageTest@5b94b04d]" started-at="2024-10-25T10:06:42 IST" name="tearDown" finished-at="2024-10-25T10:06:43 IST" duration-ms="483" status="PASS">
          <reporter-output>
          </reporter-output>
        </test-method> <!-- tearDown -->
        <test-method is-config="true" signature="setup()[pri:0, instance:com.ixfi.testcases.IndexPageTest@5b94b04d]" started-at="2024-10-25T10:06:43 IST" name="setup" finished-at="2024-10-25T10:06:51 IST" duration-ms="8557" status="PASS">
          <reporter-output>
          </reporter-output>
        </test-method> <!-- setup -->
        <test-method is-config="true" signature="setUpTest()[pri:0, instance:com.ixfi.testcases.IndexPageTest@5b94b04d]" started-at="2024-10-25T10:06:51 IST" name="setUpTest" finished-at="2024-10-25T10:06:51 IST" duration-ms="1" status="PASS">
          <reporter-output>
          </reporter-output>
        </test-method> <!-- setUpTest -->
        <test-method signature="verifyDownloadButtonIsClickableUnderHamburgerMenu()[pri:0, instance:com.ixfi.testcases.IndexPageTest@5b94b04d]" started-at="2024-10-25T10:06:51 IST" name="verifyDownloadButtonIsClickableUnderHamburgerMenu" finished-at="2024-10-25T10:06:55 IST" duration-ms="4393" status="PASS">
          <reporter-output>
          </reporter-output>
        </test-method> <!-- verifyDownloadButtonIsClickableUnderHamburgerMenu -->
        <test-method is-config="true" signature="tearDown()[pri:0, instance:com.ixfi.testcases.IndexPageTest@5b94b04d]" started-at="2024-10-25T10:06:55 IST" name="tearDown" finished-at="2024-10-25T10:06:56 IST" duration-ms="222" status="PASS">
          <reporter-output>
          </reporter-output>
        </test-method> <!-- tearDown -->
        <test-method is-config="true" signature="setup()[pri:0, instance:com.ixfi.testcases.IndexPageTest@5b94b04d]" started-at="2024-10-25T10:06:56 IST" name="setup" finished-at="2024-10-25T10:07:03 IST" duration-ms="7610" status="PASS">
          <reporter-output>
          </reporter-output>
        </test-method> <!-- setup -->
        <test-method is-config="true" signature="setUpTest()[pri:0, instance:com.ixfi.testcases.IndexPageTest@5b94b04d]" started-at="2024-10-25T10:07:03 IST" name="setUpTest" finished-at="2024-10-25T10:07:03 IST" duration-ms="1" status="PASS">
          <reporter-output>
          </reporter-output>
        </test-method> <!-- setUpTest -->
        <test-method signature="verifyIXFIWebPageTitle()[pri:0, instance:com.ixfi.testcases.IndexPageTest@5b94b04d]" started-at="2024-10-25T10:07:03 IST" name="verifyIXFIWebPageTitle" finished-at="2024-10-25T10:07:03 IST" duration-ms="45" status="PASS">
          <reporter-output>
          </reporter-output>
        </test-method> <!-- verifyIXFIWebPageTitle -->
        <test-method is-config="true" signature="tearDown()[pri:0, instance:com.ixfi.testcases.IndexPageTest@5b94b04d]" started-at="2024-10-25T10:07:03 IST" name="tearDown" finished-at="2024-10-25T10:07:04 IST" duration-ms="247" status="PASS">
          <reporter-output>
          </reporter-output>
        </test-method> <!-- tearDown -->
        <test-method is-config="true" signature="setup()[pri:0, instance:com.ixfi.testcases.IndexPageTest@5b94b04d]" started-at="2024-10-25T10:07:04 IST" name="setup" finished-at="2024-10-25T10:07:10 IST" duration-ms="6502" status="PASS">
          <reporter-output>
          </reporter-output>
        </test-method> <!-- setup -->
        <test-method is-config="true" signature="setUpTest()[pri:0, instance:com.ixfi.testcases.IndexPageTest@5b94b04d]" started-at="2024-10-25T10:07:10 IST" name="setUpTest" finished-at="2024-10-25T10:07:10 IST" duration-ms="1" status="PASS">
          <reporter-output>
          </reporter-output>
        </test-method> <!-- setUpTest -->
        <test-method signature="verifyLangaugeButtonIsClickableUnderHamburgerMenuAndUserIsAbleToExtractTheLanguagesAndClickOnThem()[pri:0, instance:com.ixfi.testcases.IndexPageTest@5b94b04d]" started-at="2024-10-25T10:07:10 IST" name="verifyLangaugeButtonIsClickableUnderHamburgerMenuAndUserIsAbleToExtractTheLanguagesAndClickOnThem" finished-at="2024-10-25T10:07:21 IST" duration-ms="10808" status="PASS">
          <reporter-output>
          </reporter-output>
        </test-method> <!-- verifyLangaugeButtonIsClickableUnderHamburgerMenuAndUserIsAbleToExtractTheLanguagesAndClickOnThem -->
        <test-method is-config="true" signature="tearDown()[pri:0, instance:com.ixfi.testcases.IndexPageTest@5b94b04d]" started-at="2024-10-25T10:07:21 IST" name="tearDown" finished-at="2024-10-25T10:07:21 IST" duration-ms="255" status="PASS">
          <reporter-output>
          </reporter-output>
        </test-method> <!-- tearDown -->
        <test-method is-config="true" signature="setup()[pri:0, instance:com.ixfi.testcases.IndexPageTest@5b94b04d]" started-at="2024-10-25T10:07:21 IST" name="setup" finished-at="2024-10-25T10:07:27 IST" duration-ms="6103" status="PASS">
          <reporter-output>
          </reporter-output>
        </test-method> <!-- setup -->
        <test-method is-config="true" signature="setUpTest()[pri:0, instance:com.ixfi.testcases.IndexPageTest@5b94b04d]" started-at="2024-10-25T10:07:27 IST" name="setUpTest" finished-at="2024-10-25T10:07:27 IST" duration-ms="3" status="PASS">
          <reporter-output>
          </reporter-output>
        </test-method> <!-- setUpTest -->
        <test-method signature="verifyLoginButtonIsClickable()[pri:0, instance:com.ixfi.testcases.IndexPageTest@5b94b04d]" started-at="2024-10-25T10:07:27 IST" name="verifyLoginButtonIsClickable" finished-at="2024-10-25T10:07:27 IST" duration-ms="175" status="PASS">
          <reporter-output>
          </reporter-output>
        </test-method> <!-- verifyLoginButtonIsClickable -->
        <test-method is-config="true" signature="tearDown()[pri:0, instance:com.ixfi.testcases.IndexPageTest@5b94b04d]" started-at="2024-10-25T10:07:27 IST" name="tearDown" finished-at="2024-10-25T10:07:28 IST" duration-ms="234" status="PASS">
          <reporter-output>
          </reporter-output>
        </test-method> <!-- tearDown -->
        <test-method is-config="true" signature="setup()[pri:0, instance:com.ixfi.testcases.IndexPageTest@5b94b04d]" started-at="2024-10-25T10:07:28 IST" name="setup" finished-at="2024-10-25T10:07:34 IST" duration-ms="6179" status="PASS">
          <reporter-output>
          </reporter-output>
        </test-method> <!-- setup -->
        <test-method is-config="true" signature="setUpTest()[pri:0, instance:com.ixfi.testcases.IndexPageTest@5b94b04d]" started-at="2024-10-25T10:07:34 IST" name="setUpTest" finished-at="2024-10-25T10:07:34 IST" duration-ms="1" status="PASS">
          <reporter-output>
          </reporter-output>
        </test-method> <!-- setUpTest -->
        <test-method signature="verifyLoginButtonIsClickableAndUserIsNavigatedToLoginPage()[pri:0, instance:com.ixfi.testcases.IndexPageTest@5b94b04d]" started-at="2024-10-25T10:07:34 IST" name="verifyLoginButtonIsClickableAndUserIsNavigatedToLoginPage" finished-at="2024-10-25T10:07:38 IST" duration-ms="4427" status="FAIL">
          <exception class="java.lang.AssertionError">
            <message>
              <![CDATA[Titles are not matched, please check again expected [Login | IXFI] but found [IXFI - Buy, Sell, Trade Bitcoin, Ethereum & Altcoins | Crypto Exchange]]]>
            </message>
            <full-stacktrace>
              <![CDATA[java.lang.AssertionError: Titles are not matched, please check again expected [Login | IXFI] but found [IXFI - Buy, Sell, Trade Bitcoin, Ethereum & Altcoins | Crypto Exchange]
at org.testng.Assert.fail(Assert.java:111)
at org.testng.Assert.failNotEquals(Assert.java:1578)
at org.testng.Assert.assertEqualsImpl(Assert.java:150)
at org.testng.Assert.assertEquals(Assert.java:132)
at org.testng.Assert.assertEquals(Assert.java:656)
at com.ixfi.testcases.IndexPageTest.verifyLoginButtonIsClickableAndUserIsNavigatedToLoginPage(IndexPageTest.java:111)
at java.base/jdk.internal.reflect.NativeMethodAccessorImpl.invoke0(Native Method)
at java.base/jdk.internal.reflect.NativeMethodAccessorImpl.invoke(NativeMethodAccessorImpl.java:77)
at java.base/jdk.internal.reflect.DelegatingMethodAccessorImpl.invoke(DelegatingMethodAccessorImpl.java:43)
at java.base/java.lang.reflect.Method.invoke(Method.java:568)
at org.testng.internal.invokers.MethodInvocationHelper.invokeMethod(MethodInvocationHelper.java:141)
at org.testng.internal.invokers.TestInvoker.invokeMethod(TestInvoker.java:686)
at org.testng.internal.invokers.TestInvoker.invokeTestMethod(TestInvoker.java:230)
at org.testng.internal.invokers.MethodRunner.runInSequence(MethodRunner.java:63)
at org.testng.internal.invokers.TestInvoker$MethodInvocationAgent.invoke(TestInvoker.java:992)
at org.testng.internal.invokers.TestInvoker.invokeTestMethods(TestInvoker.java:203)
at org.testng.internal.invokers.TestMethodWorker.invokeTestMethods(TestMethodWorker.java:154)
at org.testng.internal.invokers.TestMethodWorker.run(TestMethodWorker.java:134)
at java.base/java.util.ArrayList.forEach(ArrayList.java:1511)
at org.testng.TestRunner.privateRun(TestRunner.java:739)
at org.testng.TestRunner.run(TestRunner.java:614)
at org.testng.SuiteRunner.runTest(SuiteRunner.java:421)
at org.testng.SuiteRunner.runSequentially(SuiteRunner.java:413)
at org.testng.SuiteRunner.privateRun(SuiteRunner.java:373)
at org.testng.SuiteRunner.run(SuiteRunner.java:312)
at org.testng.SuiteRunnerWorker.runSuite(SuiteRunnerWorker.java:52)
at org.testng.SuiteRunnerWorker.run(SuiteRunnerWorker.java:95)
at org.testng.TestNG.runSuitesSequentially(TestNG.java:1274)
at org.testng.TestNG.runSuitesLocally(TestNG.java:1208)
at org.testng.TestNG.runSuites(TestNG.java:1112)
at org.testng.TestNG.run(TestNG.java:1079)
at org.testng.remote.AbstractRemoteTestNG.run(AbstractRemoteTestNG.java:115)
at org.testng.remote.RemoteTestNG.initAndRun(RemoteTestNG.java:293)
at org.testng.remote.RemoteTestNG.main(RemoteTestNG.java:91)
]]>
            </full-stacktrace>
          </exception> <!-- java.lang.AssertionError -->
          <reporter-output>
          </reporter-output>
        </test-method> <!-- verifyLoginButtonIsClickableAndUserIsNavigatedToLoginPage -->
        <test-method is-config="true" signature="tearDown()[pri:0, instance:com.ixfi.testcases.IndexPageTest@5b94b04d]" started-at="2024-10-25T10:07:39 IST" name="tearDown" finished-at="2024-10-25T10:07:39 IST" duration-ms="297" status="PASS">
          <reporter-output>
          </reporter-output>
        </test-method> <!-- tearDown -->
        <test-method is-config="true" signature="setup()[pri:0, instance:com.ixfi.testcases.IndexPageTest@5b94b04d]" started-at="2024-10-25T10:07:39 IST" name="setup" finished-at="2024-10-25T10:07:47 IST" duration-ms="8270" status="PASS">
          <reporter-output>
          </reporter-output>
        </test-method> <!-- setup -->
        <test-method is-config="true" signature="setUpTest()[pri:0, instance:com.ixfi.testcases.IndexPageTest@5b94b04d]" started-at="2024-10-25T10:07:47 IST" name="setUpTest" finished-at="2024-10-25T10:07:47 IST" duration-ms="2" status="PASS">
          <reporter-output>
          </reporter-output>
        </test-method> <!-- setUpTest -->
        <test-method signature="verifyPresenceOfIxfiLogo()[pri:0, instance:com.ixfi.testcases.IndexPageTest@5b94b04d]" started-at="2024-10-25T10:07:47 IST" name="verifyPresenceOfIxfiLogo" finished-at="2024-10-25T10:07:47 IST" duration-ms="55" status="PASS">
          <reporter-output>
          </reporter-output>
        </test-method> <!-- verifyPresenceOfIxfiLogo -->
        <test-method is-config="true" signature="tearDown()[pri:0, instance:com.ixfi.testcases.IndexPageTest@5b94b04d]" started-at="2024-10-25T10:07:47 IST" name="tearDown" finished-at="2024-10-25T10:07:48 IST" duration-ms="271" status="PASS">
          <reporter-output>
          </reporter-output>
        </test-method> <!-- tearDown -->
        <test-method is-config="true" signature="setup()[pri:0, instance:com.ixfi.testcases.IndexPageTest@5b94b04d]" started-at="2024-10-25T10:07:48 IST" name="setup" finished-at="2024-10-25T10:07:55 IST" duration-ms="7526" status="PASS">
          <reporter-output>
          </reporter-output>
        </test-method> <!-- setup -->
        <test-method is-config="true" signature="setUpTest()[pri:0, instance:com.ixfi.testcases.IndexPageTest@5b94b04d]" started-at="2024-10-25T10:07:55 IST" name="setUpTest" finished-at="2024-10-25T10:07:55 IST" duration-ms="1" status="PASS">
          <reporter-output>
          </reporter-output>
        </test-method> <!-- setUpTest -->
        <test-method signature="verifySignUpButtonIsClickable()[pri:0, instance:com.ixfi.testcases.IndexPageTest@5b94b04d]" started-at="2024-10-25T10:07:55 IST" name="verifySignUpButtonIsClickable" finished-at="2024-10-25T10:07:55 IST" duration-ms="178" status="PASS">
          <reporter-output>
          </reporter-output>
        </test-method> <!-- verifySignUpButtonIsClickable -->
        <test-method is-config="true" signature="tearDown()[pri:0, instance:com.ixfi.testcases.IndexPageTest@5b94b04d]" started-at="2024-10-25T10:07:55 IST" name="tearDown" finished-at="2024-10-25T10:07:55 IST" duration-ms="263" status="PASS">
          <reporter-output>
          </reporter-output>
        </test-method> <!-- tearDown -->
        <test-method is-config="true" signature="setup()[pri:0, instance:com.ixfi.testcases.IndexPageTest@5b94b04d]" started-at="2024-10-25T10:07:55 IST" name="setup" finished-at="2024-10-25T10:08:02 IST" duration-ms="6904" status="PASS">
          <reporter-output>
          </reporter-output>
        </test-method> <!-- setup -->
        <test-method signature="verifyThatBottomSectionsDownloadAppWillOpenInNewTab()[pri:0, instance:com.ixfi.testcases.IndexPageTest@5b94b04d]" started-at="2024-10-25T10:08:02 IST" name="verifyThatBottomSectionsDownloadAppWillOpenInNewTab" finished-at="2024-10-25T10:08:16 IST" duration-ms="13678" status="PASS">
          <reporter-output>
          </reporter-output>
        </test-method> <!-- verifyThatBottomSectionsDownloadAppWillOpenInNewTab -->
        <test-method is-config="true" signature="setUpTest()[pri:0, instance:com.ixfi.testcases.IndexPageTest@5b94b04d]" started-at="2024-10-25T10:08:02 IST" name="setUpTest" finished-at="2024-10-25T10:08:02 IST" duration-ms="0" status="PASS">
          <reporter-output>
          </reporter-output>
        </test-method> <!-- setUpTest -->
        <test-method is-config="true" signature="tearDown()[pri:0, instance:com.ixfi.testcases.IndexPageTest@5b94b04d]" started-at="2024-10-25T10:08:16 IST" name="tearDown" finished-at="2024-10-25T10:08:16 IST" duration-ms="375" status="PASS">
          <reporter-output>
          </reporter-output>
        </test-method> <!-- tearDown -->
        <test-method is-config="true" signature="setup()[pri:0, instance:com.ixfi.testcases.IndexPageTest@5b94b04d]" started-at="2024-10-25T10:08:16 IST" name="setup" finished-at="2024-10-25T10:08:23 IST" duration-ms="6215" status="PASS">
          <reporter-output>
          </reporter-output>
        </test-method> <!-- setup -->
        <test-method signature="verifyThatCurrencyButtonIsClickableUnderHamburgerMenuAndUserIsAbleToSelectTheCurrency()[pri:0, instance:com.ixfi.testcases.IndexPageTest@5b94b04d]" started-at="2024-10-25T10:08:23 IST" name="verifyThatCurrencyButtonIsClickableUnderHamburgerMenuAndUserIsAbleToSelectTheCurrency" finished-at="2024-10-25T10:08:34 IST" duration-ms="11461" status="PASS">
          <reporter-output>
          </reporter-output>
        </test-method> <!-- verifyThatCurrencyButtonIsClickableUnderHamburgerMenuAndUserIsAbleToSelectTheCurrency -->
        <test-method is-config="true" signature="setUpTest()[pri:0, instance:com.ixfi.testcases.IndexPageTest@5b94b04d]" started-at="2024-10-25T10:08:23 IST" name="setUpTest" finished-at="2024-10-25T10:08:23 IST" duration-ms="0" status="PASS">
          <reporter-output>
          </reporter-output>
        </test-method> <!-- setUpTest -->
        <test-method is-config="true" signature="tearDown()[pri:0, instance:com.ixfi.testcases.IndexPageTest@5b94b04d]" started-at="2024-10-25T10:08:34 IST" name="tearDown" finished-at="2024-10-25T10:08:34 IST" duration-ms="332" status="PASS">
          <reporter-output>
          </reporter-output>
        </test-method> <!-- tearDown -->
        <test-method is-config="true" signature="setup()[pri:0, instance:com.ixfi.testcases.IndexPageTest@5b94b04d]" started-at="2024-10-25T10:08:34 IST" name="setup" finished-at="2024-10-25T10:08:41 IST" duration-ms="6988" status="PASS">
          <reporter-output>
          </reporter-output>
        </test-method> <!-- setup -->
        <test-method signature="verifyThatStartTradingNowButtonIsClickableAndUserIsNavigatedToTradePage()[pri:0, instance:com.ixfi.testcases.IndexPageTest@5b94b04d]" started-at="2024-10-25T10:08:41 IST" name="verifyThatStartTradingNowButtonIsClickableAndUserIsNavigatedToTradePage" finished-at="2024-10-25T10:08:46 IST" duration-ms="4108" status="PASS">
          <reporter-output>
          </reporter-output>
        </test-method> <!-- verifyThatStartTradingNowButtonIsClickableAndUserIsNavigatedToTradePage -->
        <test-method is-config="true" signature="setUpTest()[pri:0, instance:com.ixfi.testcases.IndexPageTest@5b94b04d]" started-at="2024-10-25T10:08:41 IST" name="setUpTest" finished-at="2024-10-25T10:08:41 IST" duration-ms="0" status="PASS">
          <reporter-output>
          </reporter-output>
        </test-method> <!-- setUpTest -->
        <test-method is-config="true" signature="tearDown()[pri:0, instance:com.ixfi.testcases.IndexPageTest@5b94b04d]" started-at="2024-10-25T10:08:46 IST" name="tearDown" finished-at="2024-10-25T10:08:46 IST" duration-ms="251" status="PASS">
          <reporter-output>
          </reporter-output>
        </test-method> <!-- tearDown -->
        <test-method is-config="true" signature="setup()[pri:0, instance:com.ixfi.testcases.IndexPageTest@5b94b04d]" started-at="2024-10-25T10:08:46 IST" name="setup" finished-at="2024-10-25T10:08:53 IST" duration-ms="6867" status="PASS">
          <reporter-output>
          </reporter-output>
        </test-method> <!-- setup -->
        <test-method is-config="true" signature="setUpTest()[pri:0, instance:com.ixfi.testcases.IndexPageTest@5b94b04d]" started-at="2024-10-25T10:08:53 IST" name="setUpTest" finished-at="2024-10-25T10:08:53 IST" duration-ms="0" status="PASS">
          <reporter-output>
          </reporter-output>
        </test-method> <!-- setUpTest -->
        <test-method signature="verifyThatTopSectionsDownloadAppWillOpenInNewTab()[pri:0, instance:com.ixfi.testcases.IndexPageTest@5b94b04d]" started-at="2024-10-25T10:08:53 IST" name="verifyThatTopSectionsDownloadAppWillOpenInNewTab" finished-at="2024-10-25T10:09:00 IST" duration-ms="7023" status="PASS">
          <reporter-output>
          </reporter-output>
        </test-method> <!-- verifyThatTopSectionsDownloadAppWillOpenInNewTab -->
        <test-method is-config="true" signature="tearDown()[pri:0, instance:com.ixfi.testcases.IndexPageTest@5b94b04d]" started-at="2024-10-25T10:09:00 IST" name="tearDown" finished-at="2024-10-25T10:09:00 IST" duration-ms="263" status="PASS">
          <reporter-output>
          </reporter-output>
        </test-method> <!-- tearDown -->
        <test-method is-config="true" signature="setup()[pri:0, instance:com.ixfi.testcases.IndexPageTest@5b94b04d]" started-at="2024-10-25T10:09:00 IST" name="setup" finished-at="2024-10-25T10:09:07 IST" duration-ms="6758" status="PASS">
          <reporter-output>
          </reporter-output>
        </test-method> <!-- setup -->
        <test-method is-config="true" signature="setUpTest()[pri:0, instance:com.ixfi.testcases.IndexPageTest@5b94b04d]" started-at="2024-10-25T10:09:07 IST" name="setUpTest" finished-at="2024-10-25T10:09:07 IST" duration-ms="0" status="PASS">
          <reporter-output>
          </reporter-output>
        </test-method> <!-- setUpTest -->
        <test-method signature="verifyThatUserIsAbleToClickOnCompleteTaskSectionAndAbleToNavigateToTheRewardsProgramTaskCenterPage()[pri:0, instance:com.ixfi.testcases.IndexPageTest@5b94b04d]" started-at="2024-10-25T10:09:07 IST" name="verifyThatUserIsAbleToClickOnCompleteTaskSectionAndAbleToNavigateToTheRewardsProgramTaskCenterPage" finished-at="2024-10-25T10:09:10 IST" duration-ms="3135" status="PASS">
          <reporter-output>
          </reporter-output>
        </test-method> <!-- verifyThatUserIsAbleToClickOnCompleteTaskSectionAndAbleToNavigateToTheRewardsProgramTaskCenterPage -->
        <test-method is-config="true" signature="tearDown()[pri:0, instance:com.ixfi.testcases.IndexPageTest@5b94b04d]" started-at="2024-10-25T10:09:10 IST" name="tearDown" finished-at="2024-10-25T10:09:10 IST" duration-ms="251" status="PASS">
          <reporter-output>
          </reporter-output>
        </test-method> <!-- tearDown -->
        <test-method is-config="true" signature="setup()[pri:0, instance:com.ixfi.testcases.IndexPageTest@5b94b04d]" started-at="2024-10-25T10:09:10 IST" name="setup" finished-at="2024-10-25T10:09:17 IST" duration-ms="6948" status="PASS">
          <reporter-output>
          </reporter-output>
        </test-method> <!-- setup -->
        <test-method signature="verifyThatUserIsAbleToClickOnGetFreeCryptoSectionAndAbleToNavigateToTheRewardsProgramPage()[pri:0, instance:com.ixfi.testcases.IndexPageTest@5b94b04d]" started-at="2024-10-25T10:09:17 IST" name="verifyThatUserIsAbleToClickOnGetFreeCryptoSectionAndAbleToNavigateToTheRewardsProgramPage" finished-at="2024-10-25T10:09:23 IST" duration-ms="5986" status="PASS">
          <reporter-output>
          </reporter-output>
        </test-method> <!-- verifyThatUserIsAbleToClickOnGetFreeCryptoSectionAndAbleToNavigateToTheRewardsProgramPage -->
        <test-method is-config="true" signature="setUpTest()[pri:0, instance:com.ixfi.testcases.IndexPageTest@5b94b04d]" started-at="2024-10-25T10:09:17 IST" name="setUpTest" finished-at="2024-10-25T10:09:17 IST" duration-ms="0" status="PASS">
          <reporter-output>
          </reporter-output>
        </test-method> <!-- setUpTest -->
        <test-method is-config="true" signature="tearDown()[pri:0, instance:com.ixfi.testcases.IndexPageTest@5b94b04d]" started-at="2024-10-25T10:09:23 IST" name="tearDown" finished-at="2024-10-25T10:09:23 IST" duration-ms="328" status="PASS">
          <reporter-output>
          </reporter-output>
        </test-method> <!-- tearDown -->
        <test-method is-config="true" signature="setup()[pri:0, instance:com.ixfi.testcases.IndexPageTest@5b94b04d]" started-at="2024-10-25T10:09:23 IST" name="setup" finished-at="2024-10-25T10:09:32 IST" duration-ms="8810" status="PASS">
          <reporter-output>
          </reporter-output>
        </test-method> <!-- setup -->
        <test-method is-config="true" signature="setUpTest()[pri:0, instance:com.ixfi.testcases.IndexPageTest@5b94b04d]" started-at="2024-10-25T10:09:32 IST" name="setUpTest" finished-at="2024-10-25T10:09:32 IST" duration-ms="1" status="PASS">
          <reporter-output>
          </reporter-output>
        </test-method> <!-- setUpTest -->
        <test-method signature="verifyThatUserIsAbleToClickOnJoinIXFISectionAndAbleToNavigateToTheSignUpPage()[pri:0, instance:com.ixfi.testcases.IndexPageTest@5b94b04d]" started-at="2024-10-25T10:09:32 IST" name="verifyThatUserIsAbleToClickOnJoinIXFISectionAndAbleToNavigateToTheSignUpPage" finished-at="2024-10-25T10:09:37 IST" duration-ms="4408" status="PASS">
          <reporter-output>
          </reporter-output>
        </test-method> <!-- verifyThatUserIsAbleToClickOnJoinIXFISectionAndAbleToNavigateToTheSignUpPage -->
        <test-method is-config="true" signature="tearDown()[pri:0, instance:com.ixfi.testcases.IndexPageTest@5b94b04d]" started-at="2024-10-25T10:09:37 IST" name="tearDown" finished-at="2024-10-25T10:09:37 IST" duration-ms="382" status="PASS">
          <reporter-output>
          </reporter-output>
        </test-method> <!-- tearDown -->
        <test-method is-config="true" signature="setup()[pri:0, instance:com.ixfi.testcases.IndexPageTest@5b94b04d]" started-at="2024-10-25T10:09:37 IST" name="setup" finished-at="2024-10-25T10:09:44 IST" duration-ms="7477" status="PASS">
          <reporter-output>
          </reporter-output>
        </test-method> <!-- setup -->
        <test-method is-config="true" signature="setUpTest()[pri:0, instance:com.ixfi.testcases.IndexPageTest@5b94b04d]" started-at="2024-10-25T10:09:44 IST" name="setUpTest" finished-at="2024-10-25T10:09:44 IST" duration-ms="1" status="PASS">
          <reporter-output>
          </reporter-output>
        </test-method> <!-- setUpTest -->
        <test-method signature="verifyThatUserIsAbleToNavigateToTheEarnPlatformRewardsProgramSectionAndValidateTheParagraphOfTheSection()[pri:0, instance:com.ixfi.testcases.IndexPageTest@5b94b04d]" started-at="2024-10-25T10:09:44 IST" name="verifyThatUserIsAbleToNavigateToTheEarnPlatformRewardsProgramSectionAndValidateTheParagraphOfTheSection" finished-at="2024-10-25T10:09:45 IST" duration-ms="99" status="PASS">
          <reporter-output>
          </reporter-output>
        </test-method> <!-- verifyThatUserIsAbleToNavigateToTheEarnPlatformRewardsProgramSectionAndValidateTheParagraphOfTheSection -->
        <test-method is-config="true" signature="tearDown()[pri:0, instance:com.ixfi.testcases.IndexPageTest@5b94b04d]" started-at="2024-10-25T10:09:45 IST" name="tearDown" finished-at="2024-10-25T10:09:45 IST" duration-ms="389" status="PASS">
          <reporter-output>
          </reporter-output>
        </test-method> <!-- tearDown -->
        <test-method is-config="true" signature="setup()[pri:0, instance:com.ixfi.testcases.IndexPageTest@5b94b04d]" started-at="2024-10-25T10:09:45 IST" name="setup" finished-at="2024-10-25T10:09:52 IST" duration-ms="7522" status="PASS">
          <reporter-output>
          </reporter-output>
        </test-method> <!-- setup -->
        <test-method is-config="true" signature="setUpTest()[pri:0, instance:com.ixfi.testcases.IndexPageTest@5b94b04d]" started-at="2024-10-25T10:09:52 IST" name="setUpTest" finished-at="2024-10-25T10:09:52 IST" duration-ms="4" status="PASS">
          <reporter-output>
          </reporter-output>
        </test-method> <!-- setUpTest -->
        <test-method signature="verifyThatUserIsAbleToNavigateToTheEarnPlatformRewardsProgramSectionAndValidateTheTitleOfTheSection()[pri:0, instance:com.ixfi.testcases.IndexPageTest@5b94b04d]" started-at="2024-10-25T10:09:52 IST" name="verifyThatUserIsAbleToNavigateToTheEarnPlatformRewardsProgramSectionAndValidateTheTitleOfTheSection" finished-at="2024-10-25T10:09:53 IST" duration-ms="135" status="PASS">
          <reporter-output>
          </reporter-output>
        </test-method> <!-- verifyThatUserIsAbleToNavigateToTheEarnPlatformRewardsProgramSectionAndValidateTheTitleOfTheSection -->
        <test-method is-config="true" signature="tearDown()[pri:0, instance:com.ixfi.testcases.IndexPageTest@5b94b04d]" started-at="2024-10-25T10:09:53 IST" name="tearDown" finished-at="2024-10-25T10:09:53 IST" duration-ms="486" status="PASS">
          <reporter-output>
          </reporter-output>
        </test-method> <!-- tearDown -->
        <test-method is-config="true" signature="setup()[pri:0, instance:com.ixfi.testcases.IndexPageTest@5b94b04d]" started-at="2024-10-25T10:09:53 IST" name="setup" finished-at="2024-10-25T10:10:00 IST" duration-ms="7215" status="PASS">
          <reporter-output>
          </reporter-output>
        </test-method> <!-- setup -->
        <test-method signature="verifyThatWeeklySummaryReportSectionIsPresentAndUserIsAbleToClickOnReadMoreButtonAndOpenTheSummaryReportOnNewTab()[pri:0, instance:com.ixfi.testcases.IndexPageTest@5b94b04d]" started-at="2024-10-25T10:10:00 IST" name="verifyThatWeeklySummaryReportSectionIsPresentAndUserIsAbleToClickOnReadMoreButtonAndOpenTheSummaryReportOnNewTab" finished-at="2024-10-25T10:10:53 IST" duration-ms="52784" status="PASS">
          <reporter-output>
          </reporter-output>
        </test-method> <!-- verifyThatWeeklySummaryReportSectionIsPresentAndUserIsAbleToClickOnReadMoreButtonAndOpenTheSummaryReportOnNewTab -->
        <test-method is-config="true" signature="setUpTest()[pri:0, instance:com.ixfi.testcases.IndexPageTest@5b94b04d]" started-at="2024-10-25T10:10:00 IST" name="setUpTest" finished-at="2024-10-25T10:10:00 IST" duration-ms="0" status="PASS">
          <reporter-output>
          </reporter-output>
        </test-method> <!-- setUpTest -->
        <test-method is-config="true" signature="tearDown()[pri:0, instance:com.ixfi.testcases.IndexPageTest@5b94b04d]" started-at="2024-10-25T10:10:53 IST" name="tearDown" finished-at="2024-10-25T10:10:53 IST" duration-ms="369" status="PASS">
          <reporter-output>
          </reporter-output>
        </test-method> <!-- tearDown -->
        <test-method is-config="true" signature="setup()[pri:0, instance:com.ixfi.testcases.IndexPageTest@5b94b04d]" started-at="2024-10-25T10:10:53 IST" name="setup" finished-at="2024-10-25T10:11:02 IST" duration-ms="8089" status="PASS">
          <reporter-output>
          </reporter-output>
        </test-method> <!-- setup -->
        <test-method is-config="true" signature="setUpTest()[pri:0, instance:com.ixfi.testcases.IndexPageTest@5b94b04d]" started-at="2024-10-25T10:11:02 IST" name="setUpTest" finished-at="2024-10-25T10:11:02 IST" duration-ms="2" status="PASS">
          <reporter-output>
          </reporter-output>
        </test-method> <!-- setUpTest -->
        <test-method signature="verifyTheDayLightModeIsChangingWhenUserClicksOnItFromDayToNightMode()[pri:0, instance:com.ixfi.testcases.IndexPageTest@5b94b04d]" started-at="2024-10-25T10:11:02 IST" name="verifyTheDayLightModeIsChangingWhenUserClicksOnItFromDayToNightMode" finished-at="2024-10-25T10:11:03 IST" duration-ms="1065" status="PASS">
          <reporter-output>
          </reporter-output>
        </test-method> <!-- verifyTheDayLightModeIsChangingWhenUserClicksOnItFromDayToNightMode -->
        <test-method is-config="true" signature="tearDown()[pri:0, instance:com.ixfi.testcases.IndexPageTest@5b94b04d]" started-at="2024-10-25T10:11:03 IST" name="tearDown" finished-at="2024-10-25T10:11:03 IST" duration-ms="432" status="PASS">
          <reporter-output>
          </reporter-output>
        </test-method> <!-- tearDown -->
        <test-method is-config="true" signature="setup()[pri:0, instance:com.ixfi.testcases.IndexPageTest@5b94b04d]" started-at="2024-10-25T10:11:03 IST" name="setup" finished-at="2024-10-25T10:11:12 IST" duration-ms="9237" status="PASS">
          <reporter-output>
          </reporter-output>
        </test-method> <!-- setup -->
        <test-method is-config="true" signature="setUpTest()[pri:0, instance:com.ixfi.testcases.IndexPageTest@5b94b04d]" started-at="2024-10-25T10:11:12 IST" name="setUpTest" finished-at="2024-10-25T10:11:12 IST" duration-ms="3" status="PASS">
          <reporter-output>
          </reporter-output>
        </test-method> <!-- setUpTest -->
        <test-method signature="verifyTheDayLightModeIsChangingWhenUserClicksOnItFromNightToDayMode()[pri:0, instance:com.ixfi.testcases.IndexPageTest@5b94b04d]" started-at="2024-10-25T10:11:12 IST" name="verifyTheDayLightModeIsChangingWhenUserClicksOnItFromNightToDayMode" finished-at="2024-10-25T10:11:14 IST" duration-ms="1198" status="PASS">
          <reporter-output>
          </reporter-output>
        </test-method> <!-- verifyTheDayLightModeIsChangingWhenUserClicksOnItFromNightToDayMode -->
        <test-method is-config="true" signature="tearDown()[pri:0, instance:com.ixfi.testcases.IndexPageTest@5b94b04d]" started-at="2024-10-25T10:11:14 IST" name="tearDown" finished-at="2024-10-25T10:11:14 IST" duration-ms="305" status="PASS">
          <reporter-output>
          </reporter-output>
        </test-method> <!-- tearDown -->
        <test-method is-config="true" signature="setup()[pri:0, instance:com.ixfi.testcases.IndexPageTest@5b94b04d]" started-at="2024-10-25T10:11:14 IST" name="setup" finished-at="2024-10-25T10:11:21 IST" duration-ms="6850" status="PASS">
          <reporter-output>
          </reporter-output>
        </test-method> <!-- setup -->
        <test-method is-config="true" signature="setUpTest()[pri:0, instance:com.ixfi.testcases.IndexPageTest@5b94b04d]" started-at="2024-10-25T10:11:21 IST" name="setUpTest" finished-at="2024-10-25T10:11:21 IST" duration-ms="1" status="PASS">
          <reporter-output>
          </reporter-output>
        </test-method> <!-- setUpTest -->
        <test-method signature="verifyThePresenceOfConvertMenuDD()[pri:0, instance:com.ixfi.testcases.IndexPageTest@5b94b04d]" started-at="2024-10-25T10:11:21 IST" name="verifyThePresenceOfConvertMenuDD" finished-at="2024-10-25T10:11:21 IST" duration-ms="100" status="PASS">
          <reporter-output>
          </reporter-output>
        </test-method> <!-- verifyThePresenceOfConvertMenuDD -->
        <test-method is-config="true" signature="tearDown()[pri:0, instance:com.ixfi.testcases.IndexPageTest@5b94b04d]" started-at="2024-10-25T10:11:21 IST" name="tearDown" finished-at="2024-10-25T10:11:21 IST" duration-ms="315" status="PASS">
          <reporter-output>
          </reporter-output>
        </test-method> <!-- tearDown -->
        <test-method is-config="true" signature="setup()[pri:0, instance:com.ixfi.testcases.IndexPageTest@5b94b04d]" started-at="2024-10-25T10:11:21 IST" name="setup" finished-at="2024-10-25T10:11:29 IST" duration-ms="8148" status="PASS">
          <reporter-output>
          </reporter-output>
        </test-method> <!-- setup -->
        <test-method is-config="true" signature="setUpTest()[pri:0, instance:com.ixfi.testcases.IndexPageTest@5b94b04d]" started-at="2024-10-25T10:11:29 IST" name="setUpTest" finished-at="2024-10-25T10:11:29 IST" duration-ms="2" status="PASS">
          <reporter-output>
          </reporter-output>
        </test-method> <!-- setUpTest -->
        <test-method signature="verifyThePresenceOfCryptoParaText()[pri:0, instance:com.ixfi.testcases.IndexPageTest@5b94b04d]" started-at="2024-10-25T10:11:29 IST" name="verifyThePresenceOfCryptoParaText" finished-at="2024-10-25T10:11:29 IST" duration-ms="57" status="PASS">
          <reporter-output>
          </reporter-output>
        </test-method> <!-- verifyThePresenceOfCryptoParaText -->
        <test-method is-config="true" signature="tearDown()[pri:0, instance:com.ixfi.testcases.IndexPageTest@5b94b04d]" started-at="2024-10-25T10:11:29 IST" name="tearDown" finished-at="2024-10-25T10:11:30 IST" duration-ms="309" status="PASS">
          <reporter-output>
          </reporter-output>
        </test-method> <!-- tearDown -->
        <test-method is-config="true" signature="setup()[pri:0, instance:com.ixfi.testcases.IndexPageTest@5b94b04d]" started-at="2024-10-25T10:11:30 IST" name="setup" finished-at="2024-10-25T10:11:37 IST" duration-ms="7206" status="PASS">
          <reporter-output>
          </reporter-output>
        </test-method> <!-- setup -->
        <test-method is-config="true" signature="setUpTest()[pri:0, instance:com.ixfi.testcases.IndexPageTest@5b94b04d]" started-at="2024-10-25T10:11:37 IST" name="setUpTest" finished-at="2024-10-25T10:11:37 IST" duration-ms="2" status="PASS">
          <reporter-output>
          </reporter-output>
        </test-method> <!-- setUpTest -->
        <test-method signature="verifyThePresenceOfGen3_0CryptoExchangeText()[pri:0, instance:com.ixfi.testcases.IndexPageTest@5b94b04d]" started-at="2024-10-25T10:11:37 IST" name="verifyThePresenceOfGen3_0CryptoExchangeText" finished-at="2024-10-25T10:11:37 IST" duration-ms="65" status="PASS">
          <reporter-output>
          </reporter-output>
        </test-method> <!-- verifyThePresenceOfGen3_0CryptoExchangeText -->
        <test-method is-config="true" signature="tearDown()[pri:0, instance:com.ixfi.testcases.IndexPageTest@5b94b04d]" started-at="2024-10-25T10:11:37 IST" name="tearDown" finished-at="2024-10-25T10:11:37 IST" duration-ms="304" status="PASS">
          <reporter-output>
          </reporter-output>
        </test-method> <!-- tearDown -->
        <test-method is-config="true" signature="setup()[pri:0, instance:com.ixfi.testcases.IndexPageTest@5b94b04d]" started-at="2024-10-25T10:11:37 IST" name="setup" finished-at="2024-10-25T10:11:44 IST" duration-ms="7162" status="PASS">
          <reporter-output>
          </reporter-output>
        </test-method> <!-- setup -->
        <test-method is-config="true" signature="setUpTest()[pri:0, instance:com.ixfi.testcases.IndexPageTest@5b94b04d]" started-at="2024-10-25T10:11:44 IST" name="setUpTest" finished-at="2024-10-25T10:11:44 IST" duration-ms="0" status="PASS">
          <reporter-output>
          </reporter-output>
        </test-method> <!-- setUpTest -->
        <test-method signature="verifyThePresenceOfHeaderMenu()[pri:0, instance:com.ixfi.testcases.IndexPageTest@5b94b04d]" started-at="2024-10-25T10:11:44 IST" name="verifyThePresenceOfHeaderMenu" finished-at="2024-10-25T10:11:45 IST" duration-ms="398" status="PASS">
          <reporter-output>
          </reporter-output>
        </test-method> <!-- verifyThePresenceOfHeaderMenu -->
        <test-method is-config="true" signature="tearDown()[pri:0, instance:com.ixfi.testcases.IndexPageTest@5b94b04d]" started-at="2024-10-25T10:11:45 IST" name="tearDown" finished-at="2024-10-25T10:11:45 IST" duration-ms="331" status="PASS">
          <reporter-output>
          </reporter-output>
        </test-method> <!-- tearDown -->
        <test-method is-config="true" signature="setup()[pri:0, instance:com.ixfi.testcases.IndexPageTest@5b94b04d]" started-at="2024-10-25T10:11:45 IST" name="setup" finished-at="2024-10-25T10:11:54 IST" duration-ms="8491" status="PASS">
          <reporter-output>
          </reporter-output>
        </test-method> <!-- setup -->
        <test-method is-config="true" signature="setUpTest()[pri:0, instance:com.ixfi.testcases.IndexPageTest@5b94b04d]" started-at="2024-10-25T10:11:54 IST" name="setUpTest" finished-at="2024-10-25T10:11:54 IST" duration-ms="2" status="PASS">
          <reporter-output>
          </reporter-output>
        </test-method> <!-- setUpTest -->
        <test-method signature="verifyThePresenceOfResearchMenuDD()[pri:0, instance:com.ixfi.testcases.IndexPageTest@5b94b04d]" started-at="2024-10-25T10:11:54 IST" name="verifyThePresenceOfResearchMenuDD" finished-at="2024-10-25T10:11:54 IST" duration-ms="769" status="PASS">
          <reporter-output>
          </reporter-output>
        </test-method> <!-- verifyThePresenceOfResearchMenuDD -->
        <test-method is-config="true" signature="tearDown()[pri:0, instance:com.ixfi.testcases.IndexPageTest@5b94b04d]" started-at="2024-10-25T10:11:54 IST" name="tearDown" finished-at="2024-10-25T10:11:55 IST" duration-ms="303" status="PASS">
          <reporter-output>
          </reporter-output>
        </test-method> <!-- tearDown -->
        <test-method is-config="true" signature="setup()[pri:0, instance:com.ixfi.testcases.IndexPageTest@5b94b04d]" started-at="2024-10-25T10:11:55 IST" name="setup" finished-at="2024-10-25T10:12:02 IST" duration-ms="7380" status="PASS">
          <reporter-output>
          </reporter-output>
        </test-method> <!-- setup -->
        <test-method is-config="true" signature="setUpTest()[pri:0, instance:com.ixfi.testcases.IndexPageTest@5b94b04d]" started-at="2024-10-25T10:12:02 IST" name="setUpTest" finished-at="2024-10-25T10:12:02 IST" duration-ms="1" status="PASS">
          <reporter-output>
          </reporter-output>
        </test-method> <!-- setUpTest -->
        <test-method signature="verifyThePresenceOfRewardsProgramMenuDD()[pri:0, instance:com.ixfi.testcases.IndexPageTest@5b94b04d]" started-at="2024-10-25T10:12:02 IST" name="verifyThePresenceOfRewardsProgramMenuDD" finished-at="2024-10-25T10:12:02 IST" duration-ms="364" status="PASS">
          <reporter-output>
          </reporter-output>
        </test-method> <!-- verifyThePresenceOfRewardsProgramMenuDD -->
        <test-method is-config="true" signature="tearDown()[pri:0, instance:com.ixfi.testcases.IndexPageTest@5b94b04d]" started-at="2024-10-25T10:12:02 IST" name="tearDown" finished-at="2024-10-25T10:12:03 IST" duration-ms="302" status="PASS">
          <reporter-output>
          </reporter-output>
        </test-method> <!-- tearDown -->
        <test-method is-config="true" signature="setup()[pri:0, instance:com.ixfi.testcases.IndexPageTest@5b94b04d]" started-at="2024-10-25T10:12:03 IST" name="setup" finished-at="2024-10-25T10:12:10 IST" duration-ms="7583" status="PASS">
          <reporter-output>
          </reporter-output>
        </test-method> <!-- setup -->
        <test-method is-config="true" signature="setUpTest()[pri:0, instance:com.ixfi.testcases.IndexPageTest@5b94b04d]" started-at="2024-10-25T10:12:10 IST" name="setUpTest" finished-at="2024-10-25T10:12:10 IST" duration-ms="2" status="PASS">
          <reporter-output>
          </reporter-output>
        </test-method> <!-- setUpTest -->
        <test-method signature="verifyTradeButtonFromTheMarketTablesActionColumnIsClickableAndOpenItInNewTab()[pri:0, instance:com.ixfi.testcases.IndexPageTest@5b94b04d]" started-at="2024-10-25T10:12:10 IST" name="verifyTradeButtonFromTheMarketTablesActionColumnIsClickableAndOpenItInNewTab" finished-at="2024-10-25T10:13:08 IST" duration-ms="57667" status="PASS">
          <reporter-output>
          </reporter-output>
        </test-method> <!-- verifyTradeButtonFromTheMarketTablesActionColumnIsClickableAndOpenItInNewTab -->
        <test-method is-config="true" signature="tearDown()[pri:0, instance:com.ixfi.testcases.IndexPageTest@5b94b04d]" started-at="2024-10-25T10:13:08 IST" name="tearDown" finished-at="2024-10-25T10:13:09 IST" duration-ms="1033" status="PASS">
          <reporter-output>
          </reporter-output>
        </test-method> <!-- tearDown -->
        <test-method is-config="true" signature="setup()[pri:0, instance:com.ixfi.testcases.IndexPageTest@5b94b04d]" started-at="2024-10-25T10:13:09 IST" name="setup" finished-at="2024-10-25T10:13:18 IST" duration-ms="9490" status="PASS">
          <reporter-output>
          </reporter-output>
        </test-method> <!-- setup -->
        <test-method is-config="true" signature="setUpTest()[pri:0, instance:com.ixfi.testcases.IndexPageTest@5b94b04d]" started-at="2024-10-25T10:13:18 IST" name="setUpTest" finished-at="2024-10-25T10:13:18 IST" duration-ms="1" status="PASS">
          <reporter-output>
          </reporter-output>
        </test-method> <!-- setUpTest -->
        <test-method signature="verifyUserIsAbleToClickOnAirdropsCardAndAbleToNavigateToAirdropsPage()[pri:0, instance:com.ixfi.testcases.IndexPageTest@5b94b04d]" started-at="2024-10-25T10:13:18 IST" name="verifyUserIsAbleToClickOnAirdropsCardAndAbleToNavigateToAirdropsPage" finished-at="2024-10-25T10:13:21 IST" duration-ms="2827" status="PASS">
          <reporter-output>
          </reporter-output>
        </test-method> <!-- verifyUserIsAbleToClickOnAirdropsCardAndAbleToNavigateToAirdropsPage -->
        <test-method is-config="true" signature="tearDown()[pri:0, instance:com.ixfi.testcases.IndexPageTest@5b94b04d]" started-at="2024-10-25T10:13:21 IST" name="tearDown" finished-at="2024-10-25T10:13:22 IST" duration-ms="338" status="PASS">
          <reporter-output>
          </reporter-output>
        </test-method> <!-- tearDown -->
        <test-method is-config="true" signature="setup()[pri:0, instance:com.ixfi.testcases.IndexPageTest@5b94b04d]" started-at="2024-10-25T10:13:22 IST" name="setup" finished-at="2024-10-25T10:13:30 IST" duration-ms="8244" status="PASS">
          <reporter-output>
          </reporter-output>
        </test-method> <!-- setup -->
        <test-method is-config="true" signature="setUpTest()[pri:0, instance:com.ixfi.testcases.IndexPageTest@5b94b04d]" started-at="2024-10-25T10:13:30 IST" name="setUpTest" finished-at="2024-10-25T10:13:30 IST" duration-ms="1" status="PASS">
          <reporter-output>
          </reporter-output>
        </test-method> <!-- setUpTest -->
        <test-method signature="verifyUserIsAbleToClickOnConvertFeeCardAndAbleToNavigateToConvertPage()[pri:0, instance:com.ixfi.testcases.IndexPageTest@5b94b04d]" started-at="2024-10-25T10:13:30 IST" name="verifyUserIsAbleToClickOnConvertFeeCardAndAbleToNavigateToConvertPage" finished-at="2024-10-25T10:13:35 IST" duration-ms="5242" status="PASS">
          <reporter-output>
          </reporter-output>
        </test-method> <!-- verifyUserIsAbleToClickOnConvertFeeCardAndAbleToNavigateToConvertPage -->
        <test-method is-config="true" signature="tearDown()[pri:0, instance:com.ixfi.testcases.IndexPageTest@5b94b04d]" started-at="2024-10-25T10:13:35 IST" name="tearDown" finished-at="2024-10-25T10:13:35 IST" duration-ms="357" status="PASS">
          <reporter-output>
          </reporter-output>
        </test-method> <!-- tearDown -->
        <test-method is-config="true" signature="setup()[pri:0, instance:com.ixfi.testcases.IndexPageTest@5b94b04d]" started-at="2024-10-25T10:13:35 IST" name="setup" finished-at="2024-10-25T10:13:46 IST" duration-ms="10500" status="PASS">
          <reporter-output>
          </reporter-output>
        </test-method> <!-- setup -->
        <test-method signature="verifyUserIsAbleToClickOnReferralProgramCardAndAbleToNavigateToReferralProgamPage()[pri:0, instance:com.ixfi.testcases.IndexPageTest@5b94b04d]" started-at="2024-10-25T10:13:46 IST" name="verifyUserIsAbleToClickOnReferralProgramCardAndAbleToNavigateToReferralProgamPage" finished-at="2024-10-25T10:13:53 IST" duration-ms="6639" status="PASS">
          <reporter-output>
          </reporter-output>
        </test-method> <!-- verifyUserIsAbleToClickOnReferralProgramCardAndAbleToNavigateToReferralProgamPage -->
        <test-method is-config="true" signature="setUpTest()[pri:0, instance:com.ixfi.testcases.IndexPageTest@5b94b04d]" started-at="2024-10-25T10:13:46 IST" name="setUpTest" finished-at="2024-10-25T10:13:46 IST" duration-ms="0" status="PASS">
          <reporter-output>
          </reporter-output>
        </test-method> <!-- setUpTest -->
        <test-method is-config="true" signature="tearDown()[pri:0, instance:com.ixfi.testcases.IndexPageTest@5b94b04d]" started-at="2024-10-25T10:13:53 IST" name="tearDown" finished-at="2024-10-25T10:13:53 IST" duration-ms="318" status="PASS">
          <reporter-output>
          </reporter-output>
        </test-method> <!-- tearDown -->
        <test-method is-config="true" signature="setup()[pri:0, instance:com.ixfi.testcases.IndexPageTest@5b94b04d]" started-at="2024-10-25T10:13:53 IST" name="setup" finished-at="2024-10-25T10:14:00 IST" duration-ms="7006" status="PASS">
          <reporter-output>
          </reporter-output>
        </test-method> <!-- setup -->
        <test-method is-config="true" signature="setUpTest()[pri:0, instance:com.ixfi.testcases.IndexPageTest@5b94b04d]" started-at="2024-10-25T10:14:00 IST" name="setUpTest" finished-at="2024-10-25T10:14:00 IST" duration-ms="5" status="PASS">
          <reporter-output>
          </reporter-output>
        </test-method> <!-- setUpTest -->
        <test-method signature="verifyUserIsAbleToClickOnRewardsCenterCardAndAbleToNavigateToRewardsPage()[pri:0, instance:com.ixfi.testcases.IndexPageTest@5b94b04d]" started-at="2024-10-25T10:14:00 IST" name="verifyUserIsAbleToClickOnRewardsCenterCardAndAbleToNavigateToRewardsPage" finished-at="2024-10-25T10:14:02 IST" duration-ms="2318" status="PASS">
          <reporter-output>
          </reporter-output>
        </test-method> <!-- verifyUserIsAbleToClickOnRewardsCenterCardAndAbleToNavigateToRewardsPage -->
        <test-method is-config="true" signature="tearDown()[pri:0, instance:com.ixfi.testcases.IndexPageTest@5b94b04d]" started-at="2024-10-25T10:14:02 IST" name="tearDown" finished-at="2024-10-25T10:14:03 IST" duration-ms="254" status="PASS">
          <reporter-output>
          </reporter-output>
        </test-method> <!-- tearDown -->
      </class> <!-- com.ixfi.testcases.IndexPageTest -->
      <class name="com.ixfi.testcases.LoginPageTest">
        <test-method is-config="true" signature="setup()[pri:0, instance:com.ixfi.testcases.LoginPageTest@385e9564]" started-at="2024-10-25T10:00:50 IST" name="setup" finished-at="2024-10-25T10:00:58 IST" duration-ms="8100" status="PASS">
          <reporter-output>
          </reporter-output>
        </test-method> <!-- setup -->
        <test-method is-config="true" signature="setUpTest()[pri:0, instance:com.ixfi.testcases.LoginPageTest@385e9564]" started-at="2024-10-25T10:00:58 IST" name="setUpTest" finished-at="2024-10-25T10:00:58 IST" duration-ms="2" status="PASS">
          <reporter-output>
          </reporter-output>
        </test-method> <!-- setUpTest -->
        <test-method signature="verifyLoginByEmailFunctionality()[pri:0, instance:com.ixfi.testcases.LoginPageTest@385e9564]" started-at="2024-10-25T10:00:58 IST" name="verifyLoginByEmailFunctionality" finished-at="2024-10-25T10:01:19 IST" duration-ms="20167" status="FAIL">
          <exception class="org.openqa.selenium.TimeoutException">
            <message>
              <![CDATA[Expected condition failed: waiting for element to be clickable: Proxy element for: DefaultElementLocator 'By.xpath: //button[text()=' Send OTP ']' (tried for 10 second(s) with 500 milliseconds interval)]]>
            </message>
            <full-stacktrace>
              <![CDATA[org.openqa.selenium.TimeoutException: Expected condition failed: waiting for element to be clickable: Proxy element for: DefaultElementLocator 'By.xpath: //button[text()=' Send OTP ']' (tried for 10 second(s) with 500 milliseconds interval)
at org.openqa.selenium.support.ui.WebDriverWait.timeoutException(WebDriverWait.java:84)
at org.openqa.selenium.support.ui.FluentWait.until(FluentWait.java:228)
at com.ixfi.actiondriver.Action.waitForElementToBeClickable(Action.java:49)
at com.ixfi.actiondriver.Action.click(Action.java:68)
at com.ixfi.pageobjects.AuthValidationPage.enterOTP(AuthValidationPage.java:50)
at com.ixfi.pageobjects.LoginPage.loginUsingEmailID(LoginPage.java:90)
at com.ixfi.testcases.LoginPageTest.verifyLoginByEmailFunctionality(LoginPageTest.java:61)
at java.base/jdk.internal.reflect.NativeMethodAccessorImpl.invoke0(Native Method)
at java.base/jdk.internal.reflect.NativeMethodAccessorImpl.invoke(NativeMethodAccessorImpl.java:77)
at java.base/jdk.internal.reflect.DelegatingMethodAccessorImpl.invoke(DelegatingMethodAccessorImpl.java:43)
at java.base/java.lang.reflect.Method.invoke(Method.java:568)
at org.testng.internal.invokers.MethodInvocationHelper.invokeMethod(MethodInvocationHelper.java:141)
at org.testng.internal.invokers.TestInvoker.invokeMethod(TestInvoker.java:686)
at org.testng.internal.invokers.TestInvoker.invokeTestMethod(TestInvoker.java:230)
at org.testng.internal.invokers.MethodRunner.runInSequence(MethodRunner.java:63)
at org.testng.internal.invokers.TestInvoker$MethodInvocationAgent.invoke(TestInvoker.java:992)
at org.testng.internal.invokers.TestInvoker.invokeTestMethods(TestInvoker.java:203)
at org.testng.internal.invokers.TestMethodWorker.invokeTestMethods(TestMethodWorker.java:154)
at org.testng.internal.invokers.TestMethodWorker.run(TestMethodWorker.java:134)
at java.base/java.util.ArrayList.forEach(ArrayList.java:1511)
at org.testng.TestRunner.privateRun(TestRunner.java:739)
at org.testng.TestRunner.run(TestRunner.java:614)
at org.testng.SuiteRunner.runTest(SuiteRunner.java:421)
at org.testng.SuiteRunner.runSequentially(SuiteRunner.java:413)
at org.testng.SuiteRunner.privateRun(SuiteRunner.java:373)
at org.testng.SuiteRunner.run(SuiteRunner.java:312)
at org.testng.SuiteRunnerWorker.runSuite(SuiteRunnerWorker.java:52)
at org.testng.SuiteRunnerWorker.run(SuiteRunnerWorker.java:95)
at org.testng.TestNG.runSuitesSequentially(TestNG.java:1274)
at org.testng.TestNG.runSuitesLocally(TestNG.java:1208)
at org.testng.TestNG.runSuites(TestNG.java:1112)
at org.testng.TestNG.run(TestNG.java:1079)
at org.testng.remote.AbstractRemoteTestNG.run(AbstractRemoteTestNG.java:115)
at org.testng.remote.RemoteTestNG.initAndRun(RemoteTestNG.java:293)
at org.testng.remote.RemoteTestNG.main(RemoteTestNG.java:91)
Caused by: org.openqa.selenium.NoSuchElementException: no such element: Unable to locate element: {"method":"xpath","selector":"//button[text()=' Send OTP ']"}
  (Session info: chrome=130.0.6723.69)
For documentation on this error, please visit: https://www.selenium.dev/documentation/webdriver/troubleshooting/errors#no-such-element-exception
Build info: version: '4.25.0', revision: '8a8aea2337'
System info: os.name: 'Windows 11', os.arch: 'amd64', os.version: '10.0', java.version: '17.0.6'
Driver info: org.openqa.selenium.chrome.ChromeDriver
Command: [028e586a33dde80f0d62fcf4f5439688, findElement {using=xpath, value=//button[text()=' Send OTP ']}]
Capabilities {acceptInsecureCerts: false, browserName: chrome, browserVersion: 130.0.6723.69, chrome: {chromedriverVersion: 130.0.6723.69 (3ec172b971b9..., userDataDir: C:\Users\RAMCHA~1\AppData\L...}, fedcm:accounts: true, goog:chromeOptions: {debuggerAddress: localhost:64691}, networkConnectionEnabled: false, pageLoadStrategy: normal, platformName: windows, proxy: Proxy(), se:cdp: ws://localhost:64691/devtoo..., se:cdpVersion: 130.0.6723.69, setWindowRect: true, strictFileInteractability: false, timeouts: {implicit: 0, pageLoad: 300000, script: 30000}, unhandledPromptBehavior: dismiss and notify, webauthn:extension:credBlob: true, webauthn:extension:largeBlob: true, webauthn:extension:minPinLength: true, webauthn:extension:prf: true, webauthn:virtualAuthenticators: true}
Session ID: 028e586a33dde80f0d62fcf4f5439688
at jdk.internal.reflect.GeneratedConstructorAccessor26.newInstance(Unknown Source)
at java.base/jdk.internal.reflect.DelegatingConstructorAccessorImpl.newInstance(DelegatingConstructorAccessorImpl.java:45)
at java.base/java.lang.reflect.Constructor.newInstanceWithCaller(Constructor.java:499)
at java.base/java.lang.reflect.Constructor.newInstance(Constructor.java:480)
at org.openqa.selenium.remote.ErrorCodec.decode(ErrorCodec.java:167)
at org.openqa.selenium.remote.codec.w3c.W3CHttpResponseCodec.decode(W3CHttpResponseCodec.java:138)
at org.openqa.selenium.remote.codec.w3c.W3CHttpResponseCodec.decode(W3CHttpResponseCodec.java:50)
at org.openqa.selenium.remote.HttpCommandExecutor.execute(HttpCommandExecutor.java:190)
at org.openqa.selenium.remote.service.DriverCommandExecutor.invokeExecute(DriverCommandExecutor.java:216)
at org.openqa.selenium.remote.service.DriverCommandExecutor.execute(DriverCommandExecutor.java:174)
at org.openqa.selenium.remote.RemoteWebDriver.execute(RemoteWebDriver.java:545)
at org.openqa.selenium.remote.ElementLocation$ElementFinder$2.findElement(ElementLocation.java:165)
at org.openqa.selenium.remote.ElementLocation.findElement(ElementLocation.java:59)
at org.openqa.selenium.remote.RemoteWebDriver.findElement(RemoteWebDriver.java:368)
at org.openqa.selenium.remote.RemoteWebDriver.findElement(RemoteWebDriver.java:362)
at org.openqa.selenium.support.pagefactory.DefaultElementLocator.findElement(DefaultElementLocator.java:68)
at org.openqa.selenium.support.pagefactory.internal.LocatingElementHandler.invoke(LocatingElementHandler.java:38)
at jdk.proxy2/jdk.proxy2.$Proxy31.isDisplayed(Unknown Source)
at org.openqa.selenium.support.ui.ExpectedConditions.elementIfVisible(ExpectedConditions.java:304)
at org.openqa.selenium.support.ui.ExpectedConditions$10.apply(ExpectedConditions.java:290)
at org.openqa.selenium.support.ui.ExpectedConditions$10.apply(ExpectedConditions.java:287)
at org.openqa.selenium.support.ui.ExpectedConditions$23.apply(ExpectedConditions.java:656)
at org.openqa.selenium.support.ui.ExpectedConditions$23.apply(ExpectedConditions.java:652)
at org.openqa.selenium.support.ui.FluentWait.until(FluentWait.java:203)
... 33 more
]]>
            </full-stacktrace>
          </exception> <!-- org.openqa.selenium.TimeoutException -->
          <reporter-output>
          </reporter-output>
        </test-method> <!-- verifyLoginByEmailFunctionality -->
        <test-method is-config="true" signature="tearDown()[pri:0, instance:com.ixfi.testcases.LoginPageTest@385e9564]" started-at="2024-10-25T10:01:19 IST" name="tearDown" finished-at="2024-10-25T10:01:19 IST" duration-ms="424" status="PASS">
          <reporter-output>
          </reporter-output>
        </test-method> <!-- tearDown -->
        <test-method is-config="true" signature="setup()[pri:0, instance:com.ixfi.testcases.LoginPageTest@385e9564]" started-at="2024-10-25T10:01:19 IST" name="setup" finished-at="2024-10-25T10:01:30 IST" duration-ms="10457" status="PASS">
          <reporter-output>
          </reporter-output>
        </test-method> <!-- setup -->
        <test-method is-config="true" signature="setUpTest()[pri:0, instance:com.ixfi.testcases.LoginPageTest@385e9564]" started-at="2024-10-25T10:01:30 IST" name="setUpTest" finished-at="2024-10-25T10:01:30 IST" duration-ms="1" status="PASS">
          <reporter-output>
          </reporter-output>
        </test-method> <!-- setUpTest -->
        <test-method signature="verifyLoginByPhoneNumberFunctionality()[pri:0, instance:com.ixfi.testcases.LoginPageTest@385e9564]" started-at="2024-10-25T10:01:30 IST" name="verifyLoginByPhoneNumberFunctionality" finished-at="2024-10-25T10:02:15 IST" duration-ms="45736" status="PASS">
          <reporter-output>
          </reporter-output>
        </test-method> <!-- verifyLoginByPhoneNumberFunctionality -->
        <test-method is-config="true" signature="tearDown()[pri:0, instance:com.ixfi.testcases.LoginPageTest@385e9564]" started-at="2024-10-25T10:02:15 IST" name="tearDown" finished-at="2024-10-25T10:02:16 IST" duration-ms="425" status="PASS">
          <reporter-output>
          </reporter-output>
        </test-method> <!-- tearDown -->
        <test-method is-config="true" signature="setup()[pri:0, instance:com.ixfi.testcases.LoginPageTest@385e9564]" started-at="2024-10-25T10:02:16 IST" name="setup" finished-at="2024-10-25T10:02:26 IST" duration-ms="9805" status="PASS">
          <reporter-output>
          </reporter-output>
        </test-method> <!-- setup -->
        <test-method is-config="true" signature="setUpTest()[pri:0, instance:com.ixfi.testcases.LoginPageTest@385e9564]" started-at="2024-10-25T10:02:26 IST" name="setUpTest" finished-at="2024-10-25T10:02:26 IST" duration-ms="1" status="PASS">
          <reporter-output>
          </reporter-output>
        </test-method> <!-- setUpTest -->
        <test-method signature="verifyThatUserIsNavigatedToLoginPage()[pri:0, instance:com.ixfi.testcases.LoginPageTest@385e9564]" started-at="2024-10-25T10:02:26 IST" name="verifyThatUserIsNavigatedToLoginPage" finished-at="2024-10-25T10:02:29 IST" duration-ms="2973" status="PASS">
          <reporter-output>
          </reporter-output>
        </test-method> <!-- verifyThatUserIsNavigatedToLoginPage -->
        <test-method is-config="true" signature="tearDown()[pri:0, instance:com.ixfi.testcases.LoginPageTest@385e9564]" started-at="2024-10-25T10:02:29 IST" name="tearDown" finished-at="2024-10-25T10:02:29 IST" duration-ms="363" status="PASS">
          <reporter-output>
          </reporter-output>
        </test-method> <!-- tearDown -->
        <test-method is-config="true" signature="setup()[pri:0, instance:com.ixfi.testcases.LoginPageTest@385e9564]" started-at="2024-10-25T10:02:29 IST" name="setup" finished-at="2024-10-25T10:02:37 IST" duration-ms="8277" status="PASS">
          <reporter-output>
          </reporter-output>
        </test-method> <!-- setup -->
        <test-method is-config="true" signature="setUpTest()[pri:0, instance:com.ixfi.testcases.LoginPageTest@385e9564]" started-at="2024-10-25T10:02:37 IST" name="setUpTest" finished-at="2024-10-25T10:02:37 IST" duration-ms="1" status="PASS">
          <reporter-output>
          </reporter-output>
        </test-method> <!-- setUpTest -->
        <test-method signature="verifyThatUserIsNavigatedToSignUpPageByClickingSingUpNowLink()[pri:0, instance:com.ixfi.testcases.LoginPageTest@385e9564]" started-at="2024-10-25T10:02:37 IST" name="verifyThatUserIsNavigatedToSignUpPageByClickingSingUpNowLink" finished-at="2024-10-25T10:02:41 IST" duration-ms="3685" status="PASS">
          <reporter-output>
          </reporter-output>
        </test-method> <!-- verifyThatUserIsNavigatedToSignUpPageByClickingSingUpNowLink -->
        <test-method is-config="true" signature="tearDown()[pri:0, instance:com.ixfi.testcases.LoginPageTest@385e9564]" started-at="2024-10-25T10:02:41 IST" name="tearDown" finished-at="2024-10-25T10:02:41 IST" duration-ms="282" status="PASS">
          <reporter-output>
          </reporter-output>
        </test-method> <!-- tearDown -->
      </class> <!-- com.ixfi.testcases.LoginPageTest -->
    </test> <!-- Test_All -->
  </suite> <!-- Suite -->
</testng-results>
